Log file open, 12/01/21 18:11:23
LogWindows: Failed to load 'aqProf.dll' (GetLastError=126)
LogWindows: File 'aqProf.dll' does not exist
LogWindows: Failed to load 'VtuneApi.dll' (GetLastError=126)
LogWindows: File 'VtuneApi.dll' does not exist
LogWindows: Failed to load 'VtuneApi32e.dll' (GetLastError=126)
LogWindows: File 'VtuneApi32e.dll' does not exist
LogInit: Display: Running engine for game: LetsGo
LogPlatformFile: Not using cached read wrapper
LogInit: Display: RandInit(-349602828) SRandInit(-349602827).
LogInit: Read version file with build ID '3944462'
LogInit: Overriding engine version to CL 4033788, compatible CL 3944462
LogInit: Registered custom module enumerator with build ID '3944462'
LogTaskGraph: Started task graph with 5 named threads and 23 total threads with 3 sets of task threads.
LogStats: Stats thread started at 0.734552
LogD3D11RHI: Aftermath initialized
LogICUInternationalization: Display: ICU TimeZone Detection - Raw Offset: +9:00, Platform Override: ''
LogPluginManager: Mounting plugin Paper2D
LogPluginManager: Mounting plugin LiveLink
LogPluginManager: Mounting plugin LightPropagationVolume
LogPluginManager: Mounting plugin CLionSourceCodeAccess
LogPluginManager: Mounting plugin CodeLiteSourceCodeAccess
LogPluginManager: Mounting plugin GitSourceControl
LogPluginManager: Mounting plugin KDevelopSourceCodeAccess
LogPluginManager: Mounting plugin NullSourceCodeAccess
LogPluginManager: Mounting plugin PerforceSourceControl
LogPluginManager: Mounting plugin SubversionSourceControl
LogPluginManager: Mounting plugin UObjectPlugin
LogPluginManager: Mounting plugin VisualStudioCodeSourceCodeAccess
LogPluginManager: Mounting plugin VisualStudioSourceCodeAccess
LogPluginManager: Mounting plugin XCodeSourceCodeAccess
LogPluginManager: Mounting plugin AssetManagerEditor
LogPluginManager: Mounting plugin CryptoKeys
LogPluginManager: Mounting plugin DataValidation
LogPluginManager: Mounting plugin FacialAnimation
LogPluginManager: Mounting plugin GameplayTagsEditor
LogPluginManager: Mounting plugin MobileLauncherProfileWizard
LogPluginManager: Mounting plugin PluginBrowser
LogPluginManager: Mounting plugin SpeedTreeImporter
LogPluginManager: Mounting plugin DatasmithContent
LogPluginManager: Mounting plugin AlembicImporter
LogPluginManager: Mounting plugin CharacterAI
LogPluginManager: Mounting plugin HTML5Networking
LogPluginManager: Mounting plugin AndroidMedia
LogPluginManager: Mounting plugin AvfMedia
LogPluginManager: Mounting plugin ImgMedia
LogPluginManager: Mounting plugin LinearTimecode
LogPluginManager: Mounting plugin MediaCompositing
LogPluginManager: Mounting plugin MediaPlayerEditor
LogPluginManager: Mounting plugin WmfMedia
LogPluginManager: Mounting plugin TcpMessaging
LogPluginManager: Mounting plugin UdpMessaging
LogPluginManager: Mounting plugin ActorSequence
LogPluginManager: Mounting plugin LevelSequenceEditor
LogPluginManager: Mounting plugin MatineeToLevelSequence
LogPluginManager: Mounting plugin NetcodeUnitTest
LogPluginManager: Mounting plugin NUTUnrealEngine4
LogPluginManager: Mounting plugin OnlineSubsystemGooglePlay
LogPluginManager: Mounting plugin OnlineSubsystemIOS
LogPluginManager: Mounting plugin OnlineSubsystem
LogPluginManager: Mounting plugin OnlineSubsystemNull
LogPluginManager: Mounting plugin OnlineSubsystemUtils
LogPluginManager: Mounting plugin AndroidDeviceProfileSelector
LogPluginManager: Mounting plugin AndroidMoviePlayer
LogPluginManager: Mounting plugin AndroidPermission
LogPluginManager: Mounting plugin AppleARKit
LogPluginManager: Mounting plugin AppleMoviePlayer
LogPluginManager: Mounting plugin ArchVisCharacter
LogPluginManager: Mounting plugin AudioCapture
LogPluginManager: Mounting plugin CableComponent
LogPluginManager: Mounting plugin CustomMeshComponent
LogPluginManager: Mounting plugin ExampleDeviceProfileSelector
LogPluginManager: Mounting plugin GoogleARCore
LogPluginManager: Mounting plugin GoogleCloudMessaging
LogPluginManager: Mounting plugin ImmediatePhysics
LogPluginManager: Mounting plugin IOSDeviceProfileSelector
LogPluginManager: Mounting plugin LinuxDeviceProfileSelector
LogPluginManager: Mounting plugin LocationServicesBPLibrary
LogPluginManager: Mounting plugin MobilePatchingUtils
LogPluginManager: Mounting plugin OculusVR
LogPluginManager: Plugin shader directory ../../../Engine/Plugins/Runtime/Oculus/OculusVR/Shaders found
LogPluginManager: Mapping shader source directory ../../../Engine/Plugins/Runtime/Oculus/OculusVR/Shaders to virtual directory /Plugin/OculusVR
LogPluginManager: Mounting plugin PhysXVehicles
LogPluginManager: Mounting plugin ProceduralMeshComponent
LogPluginManager: Mounting plugin RuntimePhysXCooking
LogPluginManager: Mounting plugin SteamVR
LogPluginManager: Mounting plugin WindowsMoviePlayer
LogPluginManager: Mounting plugin ApproxMVBB
LogPluginManager: Mounting plugin ObjectBuilder
LogPluginManager: Mounting plugin OpenCV410
LogStreaming: Display: Took  0.125s to configure plugins.
LogModuleManager: Display: Found up-to-date module file ../../../../../../Unreal_Project/4.19.2/LetsGo/Binaries/Win64/UE4Editor-LetsGo.dll (API version 3944462).
LogModuleManager: Display: Found up-to-date module file ../../../Engine/Plugins/2D/Paper2D/Binaries/Win64/UE4Editor-Paper2D.dll (API version 3944462).
LogModuleManager: Display: Found up-to-date module file ../../../Engine/Plugins/2D/Paper2D/Binaries/Win64/UE4Editor-Paper2DEditor.dll (API version 3944462).
LogModuleManager: Display: Found up-to-date module file ../../../Engine/Plugins/2D/Paper2D/Binaries/Win64/UE4Editor-PaperSpriteSheetImporter.dll (API version 3944462).
LogModuleManager: Display: Found up-to-date module file ../../../Engine/Plugins/2D/Paper2D/Binaries/Win64/UE4Editor-PaperTiledImporter.dll (API version 3944462).
LogModuleManager: Display: Found up-to-date module file ../../../Engine/Plugins/2D/Paper2D/Binaries/Win64/UE4Editor-SmartSnapping.dll (API version 3944462).
LogModuleManager: Display: Found up-to-date module file ../../../Engine/Plugins/Animation/LiveLink/Binaries/Win64/UE4Editor-LiveLink.dll (API version 3944462).
LogModuleManager: Display: Found up-to-date module file ../../../Engine/Plugins/Animation/LiveLink/Binaries/Win64/UE4Editor-LiveLinkEditor.dll (API version 3944462).
LogModuleManager: Display: Found up-to-date module file ../../../Engine/Plugins/Blendables/LightPropagationVolume/Binaries/Win64/UE4Editor-LightPropagationVolumeRuntime.dll (API version 3944462).
LogModuleManager: Display: Found up-to-date module file ../../../Engine/Plugins/Blendables/LightPropagationVolume/Binaries/Win64/UE4Editor-LightPropagationVolumeEditor.dll (API version 3944462).
LogModuleManager: Display: Found up-to-date module file ../../../Engine/Plugins/Developer/CLionSourceCodeAccess/Binaries/Win64/UE4Editor-CLionSourceCodeAccess.dll (API version 3944462).
LogModuleManager: Display: Found up-to-date module file ../../../Engine/Plugins/Developer/GitSourceControl/Binaries/Win64/UE4Editor-GitSourceControl.dll (API version 3944462).
LogModuleManager: Display: Found up-to-date module file ../../../Engine/Plugins/Developer/PerforceSourceControl/Binaries/Win64/UE4Editor-PerforceSourceControl.dll (API version 3944462).
LogModuleManager: Display: Found up-to-date module file ../../../Engine/Plugins/Developer/SubversionSourceControl/Binaries/Win64/UE4Editor-SubversionSourceControl.dll (API version 3944462).
LogModuleManager: Display: Found up-to-date module file ../../../Engine/Plugins/Developer/UObjectPlugin/Binaries/Win64/UE4Editor-UObjectPlugin.dll (API version 3944462).
LogModuleManager: Display: Found up-to-date module file ../../../Engine/Plugins/Developer/VisualStudioCodeSourceCodeAccess/Binaries/Win64/UE4Editor-VisualStudioCodeSourceCodeAccess.dll (API version 3944462).
LogModuleManager: Display: Found up-to-date module file ../../../Engine/Plugins/Developer/VisualStudioSourceCodeAccess/Binaries/Win64/UE4Editor-VisualStudioSourceCodeAccess.dll (API version 3944462).
LogModuleManager: Display: Found up-to-date module file ../../../Engine/Plugins/Editor/AssetManagerEditor/Binaries/Win64/UE4Editor-AssetManagerEditor.dll (API version 3944462).
LogModuleManager: Display: Found up-to-date module file ../../../Engine/Plugins/Editor/CryptoKeys/Binaries/Win64/UE4Editor-CryptoKeys.dll (API version 3944462).
LogModuleManager: Display: Found up-to-date module file ../../../Engine/Plugins/Editor/CryptoKeys/Binaries/Win64/UE4Editor-CryptoKeysOpenSSL.dll (API version 3944462).
LogModuleManager: Display: Found up-to-date module file ../../../Engine/Plugins/Editor/DataValidation/Binaries/Win64/UE4Editor-DataValidation.dll (API version 3944462).
LogModuleManager: Display: Found up-to-date module file ../../../Engine/Plugins/Editor/FacialAnimation/Binaries/Win64/UE4Editor-FacialAnimation.dll (API version 3944462).
LogModuleManager: Display: Found up-to-date module file ../../../Engine/Plugins/Editor/FacialAnimation/Binaries/Win64/UE4Editor-FacialAnimationEditor.dll (API version 3944462).
LogModuleManager: Display: Found up-to-date module file ../../../Engine/Plugins/Editor/GameplayTagsEditor/Binaries/Win64/UE4Editor-GameplayTagsEditor.dll (API version 3944462).
LogModuleManager: Display: Found up-to-date module file ../../../Engine/Plugins/Editor/MobileLauncherProfileWizard/Binaries/Win64/UE4Editor-MobileLauncherProfileWizard.dll (API version 3944462).
LogModuleManager: Display: Found up-to-date module file ../../../Engine/Plugins/Editor/PluginBrowser/Binaries/Win64/UE4Editor-PluginBrowser.dll (API version 3944462).
LogModuleManager: Display: Found up-to-date module file ../../../Engine/Plugins/Editor/SpeedTreeImporter/Binaries/Win64/UE4Editor-SpeedTreeImporter.dll (API version 3944462).
LogModuleManager: Display: Found up-to-date module file ../../../Engine/Plugins/Enterprise/DatasmithContent/Binaries/Win64/UE4Editor-DatasmithContent.dll (API version 3944462).
LogModuleManager: Display: Found up-to-date module file ../../../Engine/Plugins/Experimental/AlembicImporter/Binaries/Win64/UE4Editor-AlembicImporter.dll (API version 3944462).
LogModuleManager: Display: Found up-to-date module file ../../../Engine/Plugins/Experimental/AlembicImporter/Binaries/Win64/UE4Editor-AlembicLibrary.dll (API version 3944462).
LogModuleManager: Display: Found up-to-date module file ../../../Engine/Plugins/Experimental/CharacterAI/Binaries/Win64/UE4Editor-CharacterAI.dll (API version 3944462).
LogModuleManager: Display: Found up-to-date module file ../../../Engine/Plugins/Experimental/HTML5Networking/Binaries/Win64/UE4Editor-HTML5Networking.dll (API version 3944462).
LogModuleManager: Display: Found up-to-date module file ../../../Engine/Plugins/Media/AndroidMedia/Binaries/Win64/UE4Editor-AndroidMediaEditor.dll (API version 3944462).
LogModuleManager: Display: Found up-to-date module file ../../../Engine/Plugins/Media/AndroidMedia/Binaries/Win64/UE4Editor-AndroidMediaFactory.dll (API version 3944462).
LogModuleManager: Display: Found up-to-date module file ../../../Engine/Plugins/Media/AvfMedia/Binaries/Win64/UE4Editor-AvfMediaEditor.dll (API version 3944462).
LogModuleManager: Display: Found up-to-date module file ../../../Engine/Plugins/Media/AvfMedia/Binaries/Win64/UE4Editor-AvfMediaFactory.dll (API version 3944462).
LogModuleManager: Display: Found up-to-date module file ../../../Engine/Plugins/Media/AvfMedia/Binaries/Win64/UE4Editor-AvfMediaFactory.dll (API version 3944462).
LogModuleManager: Display: Found up-to-date module file ../../../Engine/Plugins/Media/ImgMedia/Binaries/Win64/UE4Editor-ImgMedia.dll (API version 3944462).
LogModuleManager: Display: Found up-to-date module file ../../../Engine/Plugins/Media/ImgMedia/Binaries/Win64/UE4Editor-ImgMediaEditor.dll (API version 3944462).
LogModuleManager: Display: Found up-to-date module file ../../../Engine/Plugins/Media/ImgMedia/Binaries/Win64/UE4Editor-ImgMediaFactory.dll (API version 3944462).
LogModuleManager: Display: Found up-to-date module file ../../../Engine/Plugins/Media/ImgMedia/Binaries/Win64/UE4Editor-ImgMediaFactory.dll (API version 3944462).
LogModuleManager: Display: Found up-to-date module file ../../../Engine/Plugins/Media/ImgMedia/Binaries/Win64/UE4Editor-OpenExrWrapper.dll (API version 3944462).
LogModuleManager: Display: Found up-to-date module file ../../../Engine/Plugins/Media/LinearTimecode/Binaries/Win64/UE4Editor-LinearTimecode.dll (API version 3944462).
LogModuleManager: Display: Found up-to-date module file ../../../Engine/Plugins/Media/MediaCompositing/Binaries/Win64/UE4Editor-MediaCompositing.dll (API version 3944462).
LogModuleManager: Display: Found up-to-date module file ../../../Engine/Plugins/Media/MediaCompositing/Binaries/Win64/UE4Editor-MediaCompositingEditor.dll (API version 3944462).
LogModuleManager: Display: Found up-to-date module file ../../../Engine/Plugins/Media/MediaPlayerEditor/Binaries/Win64/UE4Editor-MediaPlayerEditor.dll (API version 3944462).
LogModuleManager: Display: Found up-to-date module file ../../../Engine/Plugins/Media/WmfMedia/Binaries/Win64/UE4Editor-WmfMedia.dll (API version 3944462).
LogModuleManager: Display: Found up-to-date module file ../../../Engine/Plugins/Media/WmfMedia/Binaries/Win64/UE4Editor-WmfMediaEditor.dll (API version 3944462).
LogModuleManager: Display: Found up-to-date module file ../../../Engine/Plugins/Media/WmfMedia/Binaries/Win64/UE4Editor-WmfMediaFactory.dll (API version 3944462).
LogModuleManager: Display: Found up-to-date module file ../../../Engine/Plugins/Media/WmfMedia/Binaries/Win64/UE4Editor-WmfMediaFactory.dll (API version 3944462).
LogModuleManager: Display: Found up-to-date module file ../../../Engine/Plugins/Messaging/TcpMessaging/Binaries/Win64/UE4Editor-TcpMessaging.dll (API version 3944462).
LogModuleManager: Display: Found up-to-date module file ../../../Engine/Plugins/Messaging/UdpMessaging/Binaries/Win64/UE4Editor-UdpMessaging.dll (API version 3944462).
LogModuleManager: Display: Found up-to-date module file ../../../Engine/Plugins/MovieScene/ActorSequence/Binaries/Win64/UE4Editor-ActorSequence.dll (API version 3944462).
LogModuleManager: Display: Found up-to-date module file ../../../Engine/Plugins/MovieScene/LevelSequenceEditor/Binaries/Win64/UE4Editor-LevelSequenceEditor.dll (API version 3944462).
LogModuleManager: Display: Found up-to-date module file ../../../Engine/Plugins/MovieScene/MatineeToLevelSequence/Binaries/Win64/UE4Editor-MatineeToLevelSequence.dll (API version 3944462).
LogModuleManager: Display: Found up-to-date module file ../../../Engine/Plugins/NetcodeUnitTest/NetcodeUnitTest/Binaries/Win64/UE4Editor-NetcodeUnitTest.dll (API version 3944462).
LogModuleManager: Display: Found up-to-date module file ../../../Engine/Plugins/NetcodeUnitTest/NUTUnrealEngine4/Binaries/Win64/UE4Editor-NUTUnrealEngine4.dll (API version 3944462).
LogModuleManager: Display: Found up-to-date module file ../../../Engine/Plugins/Online/OnlineSubsystem/Binaries/Win64/UE4Editor-OnlineSubsystem.dll (API version 3944462).
LogModuleManager: Display: Found up-to-date module file ../../../Engine/Plugins/Online/OnlineSubsystemNull/Binaries/Win64/UE4Editor-OnlineSubsystemNull.dll (API version 3944462).
LogModuleManager: Display: Found up-to-date module file ../../../Engine/Plugins/Online/OnlineSubsystemUtils/Binaries/Win64/UE4Editor-OnlineSubsystemUtils.dll (API version 3944462).
LogModuleManager: Display: Found up-to-date module file ../../../Engine/Plugins/Online/OnlineSubsystemUtils/Binaries/Win64/UE4Editor-OnlineBlueprintSupport.dll (API version 3944462).
LogModuleManager: Display: Found up-to-date module file ../../../Engine/Plugins/Runtime/AndroidDeviceProfileSelector/Binaries/Win64/UE4Editor-AndroidDeviceProfileSelector.dll (API version 3944462).
LogModuleManager: Display: Found up-to-date module file ../../../Engine/Plugins/Runtime/AndroidPermission/Binaries/Win64/UE4Editor-AndroidPermission.dll (API version 3944462).
LogModuleManager: Display: Found up-to-date module file ../../../Engine/Plugins/Runtime/AppleARKit/Binaries/Win64/UE4Editor-AppleARKit.dll (API version 3944462).
LogModuleManager: Display: Found up-to-date module file ../../../Engine/Plugins/Runtime/ArchVisCharacter/Binaries/Win64/UE4Editor-ArchVisCharacter.dll (API version 3944462).
LogModuleManager: Display: Found up-to-date module file ../../../Engine/Plugins/Runtime/AudioCapture/Binaries/Win64/UE4Editor-AudioCapture.dll (API version 3944462).
LogModuleManager: Display: Found up-to-date module file ../../../Engine/Plugins/Runtime/AudioCapture/Binaries/Win64/UE4Editor-AudioCaptureEditor.dll (API version 3944462).
LogModuleManager: Display: Found up-to-date module file ../../../Engine/Plugins/Runtime/CableComponent/Binaries/Win64/UE4Editor-CableComponent.dll (API version 3944462).
LogModuleManager: Display: Found up-to-date module file ../../../Engine/Plugins/Runtime/CustomMeshComponent/Binaries/Win64/UE4Editor-CustomMeshComponent.dll (API version 3944462).
LogModuleManager: Display: Found up-to-date module file ../../../Engine/Plugins/Runtime/ExampleDeviceProfileSelector/Binaries/Win64/UE4Editor-ExampleDeviceProfileSelector.dll (API version 3944462).
LogModuleManager: Display: Found up-to-date module file ../../../Engine/Plugins/Runtime/GoogleARCore/Binaries/Win64/UE4Editor-GoogleARCoreBase.dll (API version 3944462).
LogModuleManager: Display: Found up-to-date module file ../../../Engine/Plugins/Runtime/GoogleARCore/Binaries/Win64/UE4Editor-GoogleARCoreRendering.dll (API version 3944462).
LogModuleManager: Display: Found up-to-date module file ../../../Engine/Plugins/Runtime/ImmediatePhysics/Binaries/Win64/UE4Editor-ImmediatePhysics.dll (API version 3944462).
LogModuleManager: Display: Found up-to-date module file ../../../Engine/Plugins/Runtime/ImmediatePhysics/Binaries/Win64/UE4Editor-ImmediatePhysicsEditor.dll (API version 3944462).
LogModuleManager: Display: Found up-to-date module file ../../../Engine/Plugins/Runtime/LocationServicesBPLibrary/Binaries/Win64/UE4Editor-LocationServicesBPLibrary.dll (API version 3944462).
LogModuleManager: Display: Found up-to-date module file ../../../Engine/Plugins/Runtime/MobilePatchingUtils/Binaries/Win64/UE4Editor-MobilePatchingUtils.dll (API version 3944462).
LogModuleManager: Display: Found up-to-date module file ../../../Engine/Plugins/Runtime/Oculus/OculusVR/Binaries/Win64/UE4Editor-OculusHMD.dll (API version 3944462).
LogModuleManager: Display: Found up-to-date module file ../../../Engine/Plugins/Runtime/Oculus/OculusVR/Binaries/Win64/UE4Editor-OculusInput.dll (API version 3944462).
LogModuleManager: Display: Found up-to-date module file ../../../Engine/Plugins/Runtime/Oculus/OculusVR/Binaries/Win64/UE4Editor-OculusEditor.dll (API version 3944462).
LogModuleManager: Display: Found up-to-date module file ../../../Engine/Plugins/Runtime/PhysXVehicles/Binaries/Win64/UE4Editor-PhysXVehicles.dll (API version 3944462).
LogModuleManager: Display: Found up-to-date module file ../../../Engine/Plugins/Runtime/PhysXVehicles/Binaries/Win64/UE4Editor-PhysXVehiclesEditor.dll (API version 3944462).
LogModuleManager: Display: Found up-to-date module file ../../../Engine/Plugins/Runtime/ProceduralMeshComponent/Binaries/Win64/UE4Editor-ProceduralMeshComponent.dll (API version 3944462).
LogModuleManager: Display: Found up-to-date module file ../../../Engine/Plugins/Runtime/ProceduralMeshComponent/Binaries/Win64/UE4Editor-ProceduralMeshComponentEditor.dll (API version 3944462).
LogModuleManager: Display: Found up-to-date module file ../../../Engine/Plugins/Runtime/RuntimePhysXCooking/Binaries/Win64/UE4Editor-RuntimePhysXCooking.dll (API version 3944462).
LogModuleManager: Display: Found up-to-date module file ../../../Engine/Plugins/Runtime/Steam/SteamVR/Binaries/Win64/UE4Editor-SteamVR.dll (API version 3944462).
LogModuleManager: Display: Found up-to-date module file ../../../Engine/Plugins/Runtime/Steam/SteamVR/Binaries/Win64/UE4Editor-SteamVRController.dll (API version 3944462).
LogModuleManager: Display: Found up-to-date module file ../../../Engine/Plugins/Runtime/WindowsMoviePlayer/Binaries/Win64/UE4Editor-WindowsMoviePlayer.dll (API version 3944462).
LogModuleManager: Display: Found up-to-date module file ../../../../../../Unreal_Project/4.19.2/LetsGo/Plugins/ApproxMVBB/Binaries/Win64/UE4Editor-ApproxMVBB.dll (API version 3944462).
LogModuleManager: Display: Found up-to-date module file ../../../../../../Unreal_Project/4.19.2/LetsGo/Plugins/ObjectBuilder/Binaries/Win64/UE4Editor-ObjectBuilder.dll (API version 3944462).
LogModuleManager: Display: Found up-to-date module file ../../../../../../Unreal_Project/4.19.2/LetsGo/Plugins/OpenCV410/Binaries/Win64/UE4Editor-OpenCV410.dll (API version 3944462).
LogInit: Using libcurl 7.47.1
LogInit:  - built for x86_64-pc-win32
LogInit:  - supports SSL with OpenSSL/1.0.2g
LogInit:  - supports HTTP deflate (compression) using libz 1.2.8
LogInit:  - other features:
LogInit:      CURL_VERSION_SSL
LogInit:      CURL_VERSION_LIBZ
LogInit:      CURL_VERSION_IPV6
LogInit:      CURL_VERSION_ASYNCHDNS
LogInit:      CURL_VERSION_LARGEFILE
LogInit:      CURL_VERSION_IDN
LogInit:  CurlRequestOptions (configurable via config and command line):
LogInit:  - bVerifyPeer = false  - Libcurl will NOT verify peer certificate
LogInit:  - bUseHttpProxy = false  - Libcurl will NOT use HTTP proxy
LogInit:  - bDontReuseConnections = false  - Libcurl will reuse connections
LogInit:  - CertBundlePath = nullptr  - Libcurl will use whatever was configured at build time.
LogInit:  - MaxHostConnections = 16  - Libcurl will limit the number of connections to a host
LogInit:  - LocalHostAddr = Default
LogInit: WinSock: version 1.1 (2.2), MaxSocks=32767, MaxUdp=65467
LogInit: WinSock: I am DESKTOP-5SHH7PE (192.168.136.1:0)
LogInit: Build: ++UE4+Release-4.19-CL-4033788
LogInit: Engine Version: 4.19.2-4033788+++UE4+Release-4.19
LogInit: Compatible Engine Version: 4.19.0-3944462+++UE4+Release-4.19
LogInit: Net CL: 3944462
LogDevObjectVersion: Number of dev versions registered: 18
LogDevObjectVersion:   Dev-Blueprints (B0D832E4-1F89-4F0D-ACCF-7EB736FD4AA2): 10
LogDevObjectVersion:   Dev-Build (E1C64328-A22C-4D53-A36C-8E866417BD8C): 0
LogDevObjectVersion:   Dev-Core (375EC13C-06E4-48FB-B500-84F0262A717E): 2
LogDevObjectVersion:   Dev-Editor (E4B068ED-F494-42E9-A231-DA0B2E46BB41): 23
LogDevObjectVersion:   Dev-Framework (CFFC743F-43B0-4480-9391-14DF171D2073): 33
LogDevObjectVersion:   Dev-Mobile (B02B49B5-BB20-44E9-A304-32B752E40360): 2
LogDevObjectVersion:   Dev-Networking (A4E4105C-59A1-49B5-A7C5-40C4547EDFEE): 0
LogDevObjectVersion:   Dev-Online (39C831C9-5AE6-47DC-9A44-9C173E1C8E7C): 0
LogDevObjectVersion:   Dev-Physics (78F01B33-EBEA-4F98-B9B4-84EACCB95AA2): 0
LogDevObjectVersion:   Dev-Platform (6631380F-2D4D-43E0-8009-CF276956A95A): 0
LogDevObjectVersion:   Dev-Rendering (12F88B9F-8875-4AFC-A67C-D90C383ABD29): 25
LogDevObjectVersion:   Dev-Sequencer (7B5AE74C-D270-4C10-A958-57980B212A5A): 6
LogDevObjectVersion:   Dev-VR (D7296918-1DD6-4BDD-9DE2-64A83CC13884): 1
LogDevObjectVersion:   Dev-LoadTimes (C2A15278-BFE7-4AFE-6C17-90FF531DF755): 1
LogDevObjectVersion:   Private-Geometry (6EACA3D4-40EC-4CC1-B786-8BED09428FC5): 2
LogDevObjectVersion:   Dev-AnimPhys (29E575DD-E0A3-4627-9D10-D276232CDCEA): 16
LogDevObjectVersion:   Dev-ReflectionCapture (6B266CEC-1EC7-4B8F-A30B-E4D90942FC07): 1
LogDevObjectVersion:   Dev-Automation (0DF73D61-A23F-47EA-B727-89E90C41499A): 1
LogInit: Compiled (64-bit): Apr 27 2018 02:06:57
LogInit: Compiled with Visual C++: 19.00.24215.01
LogInit: Build Configuration: Development
LogInit: Branch Name: ++UE4+Release-4.19
LogInit: Command Line:  
LogInit: Base Directory: E:/Program Files/Epic Games/UE_4.19/Engine/Binaries/Win64/
LogInit: Installed Engine Build: 1
LogStreaming: Display: Took  0.004s to delete old logs.
LogInit: Presizing for max 8388607 objects, including 0 objects not considered by GC, pre-allocating 0 bytes for permanent pool.
LogInit: Object subsystem initialized
[2021.12.01-09.11.28:427][  0]LogInit: Selected Device Profile: [Windows]
[2021.12.01-09.11.28:427][  0]LogInit: Applying CVar settings loaded from the selected device profile: [Windows]
[2021.12.01-09.11.28:468][  0]LogInit: Computer: DESKTOP-5SHH7PE
[2021.12.01-09.11.28:468][  0]LogInit: User: KISIK
[2021.12.01-09.11.28:468][  0]LogInit: CPU Page size=4096, Cores=4
[2021.12.01-09.11.28:468][  0]LogInit: High frequency timer resolution =10.000000 MHz
[2021.12.01-09.11.28:468][  0]LogMemory: Memory total: Physical=31.9GB (32GB approx)
[2021.12.01-09.11.28:468][  0]LogMemory: Platform Memory Stats for Windows
[2021.12.01-09.11.28:468][  0]LogMemory: Process Physical Memory: 282.43 MB used, 282.44 MB peak
[2021.12.01-09.11.28:468][  0]LogMemory: Process Virtual Memory: 270.86 MB used, 270.86 MB peak
[2021.12.01-09.11.28:468][  0]LogMemory: Physical Memory: 10638.74 MB used,  22065.63 MB free, 32704.37 MB total
[2021.12.01-09.11.28:468][  0]LogMemory: Virtual Memory: 4785.29 MB used,  22065.63 MB free, 134217728.00 MB total
[2021.12.01-09.11.29:084][  0]LogInit: Using OS detected language (ko-KR).
[2021.12.01-09.11.29:084][  0]LogInit: Using OS detected locale (ko-KR).
[2021.12.01-09.11.29:166][  0]LogTextLocalizationManager: No specific localization for 'ko-KR' exists, so the 'ko' localization will be used.
[2021.12.01-09.11.29:696][  0]LogStreaming: Display: Took  0.611s to EndInitTextLocalization.
[2021.12.01-09.11.29:697][  0]LogInit: Setting process to per monitor DPI aware
[2021.12.01-09.11.29:922][  0]LogSlate: New Slate User Created.  User Index 0, Is Virtual User: 0
[2021.12.01-09.11.29:922][  0]LogSlate: Slate User Registered.  User Index 0, Is Virtual User: 0
[2021.12.01-09.11.33:600][  0]LogD3D11RHI: D3D11 adapters:
[2021.12.01-09.11.34:375][  0]LogD3D11RHI:    0. 'NVIDIA GeForce GTX 970' (Feature Level 11_0)
[2021.12.01-09.11.34:375][  0]LogD3D11RHI:       4043/0/16352 MB DedicatedVideo/DedicatedSystem/SharedSystem, Outputs:3, VendorId:0x10de
[2021.12.01-09.11.34:380][  0]LogD3D11RHI:    1. 'Microsoft Basic Render Driver' (Feature Level 11_0)
[2021.12.01-09.11.34:380][  0]LogD3D11RHI:       0/0/16352 MB DedicatedVideo/DedicatedSystem/SharedSystem, Outputs:0, VendorId:0x1414
[2021.12.01-09.11.34:380][  0]LogD3D11RHI: Chosen D3D11 Adapter: 0
[2021.12.01-09.11.34:391][  0]LogD3D11RHI: Creating new Direct3DDevice
[2021.12.01-09.11.34:391][  0]LogD3D11RHI:     GPU DeviceId: 0x13c2 (for the marketing name, search the web for "GPU Device Id")
[2021.12.01-09.11.34:391][  0]LogWindows: EnumDisplayDevices:
[2021.12.01-09.11.34:391][  0]LogWindows:    0. 'NVIDIA GeForce GTX 970' (P:0 D:1)
[2021.12.01-09.11.34:393][  0]LogWindows:    1. 'NVIDIA GeForce GTX 970' (P:1 D:1)
[2021.12.01-09.11.34:394][  0]LogWindows:    2. 'NVIDIA GeForce GTX 970' (P:0 D:1)
[2021.12.01-09.11.34:395][  0]LogWindows:    3. 'NVIDIA GeForce GTX 970' (P:0 D:0)
[2021.12.01-09.11.34:395][  0]LogWindows: DebugString: GetVideoDriverDetailsInvalid PrimaryIsNotTheChoosenAdapter GetVideoDriverDetailsInvalid PrimaryIsNotTheChoosenAdapter GetVideoDriverDetailsInvalid PrimaryIsNotTheChoosenAdapter GetVideoDriverDetailsInvalid PrimaryIsNotTheChoosenAdapter FoundDriverCount:0 
[2021.12.01-09.11.34:395][  0]LogD3D11RHI:     Adapter Name: NVIDIA GeForce GTX 970
[2021.12.01-09.11.34:395][  0]LogD3D11RHI:   Driver Version: Unknown (internal:Unknown, unified:Unknown)
[2021.12.01-09.11.34:395][  0]LogD3D11RHI:      Driver Date: Unknown
[2021.12.01-09.11.34:395][  0]LogRHI: Texture pool is 2830 MB (70% of 4043 MB)
[2021.12.01-09.11.34:455][  0]LogD3D11RHI: [Aftermath] Aftermath enabled and primed
[2021.12.01-09.11.34:455][  0]LogD3D11RHI: [Aftermath] Aftermath enabled and primed
[2021.12.01-09.11.34:455][  0]LogD3D11RHI: Async texture creation enabled
[2021.12.01-09.11.34:481][  0]LogD3D11RHI: GPU Timing Frequency: 1000.000000 (Debug: 2 1)
[2021.12.01-09.11.34:505][  0]LogShaderCompilers: Guid format shader working directory is -1 characters bigger than the processId version (../../../../../../Unreal_Project/4.19.2/LetsGo/Intermediate/Shaders/WorkingDirectory/10760/).
[2021.12.01-09.11.34:505][  0]LogShaderCompilers: Cleaned the shader compiler working directory 'C:/Users/KISIK/AppData/Local/Temp/UnrealShaderWorkingDir/1D933ED345EBCA6FC68C6E9F3B5A6431/'.
[2021.12.01-09.11.35:652][  0]LogTemp: Display: Loaded TP AllDesktopTargetPlatform
[2021.12.01-09.11.35:670][  0]LogTemp: Display: Loaded TP MacClientTargetPlatform
[2021.12.01-09.11.35:688][  0]LogTemp: Display: Loaded TP MacNoEditorTargetPlatform
[2021.12.01-09.11.35:703][  0]LogTemp: Display: Loaded TP MacServerTargetPlatform
[2021.12.01-09.11.35:719][  0]LogTemp: Display: Loaded TP MacTargetPlatform
[2021.12.01-09.11.35:737][  0]LogTemp: Display: Loaded TP WindowsClientTargetPlatform
[2021.12.01-09.11.35:754][  0]LogTemp: Display: Loaded TP WindowsNoEditorTargetPlatform
[2021.12.01-09.11.35:770][  0]LogTemp: Display: Loaded TP WindowsServerTargetPlatform
[2021.12.01-09.11.35:778][  0]LogTemp: Display: Loaded TP WindowsTargetPlatform
[2021.12.01-09.11.35:794][  0]LogTemp: Display: Loaded TP Android_ASTCTargetPlatform
[2021.12.01-09.11.35:810][  0]LogTemp: Display: Loaded TP Android_ATCTargetPlatform
[2021.12.01-09.11.35:825][  0]LogTemp: Display: Loaded TP Android_DXTTargetPlatform
[2021.12.01-09.11.35:841][  0]LogTemp: Display: Loaded TP Android_ETC1aTargetPlatform
[2021.12.01-09.11.35:857][  0]LogTemp: Display: Loaded TP Android_ETC1TargetPlatform
[2021.12.01-09.11.35:873][  0]LogTemp: Display: Loaded TP Android_ETC2TargetPlatform
[2021.12.01-09.11.35:903][  0]LogTemp: Display: Loaded TP Android_MultiTargetPlatform
[2021.12.01-09.11.35:903][  0]LogTemp: Display: Loaded TP Android_PVRTCTargetPlatform
[2021.12.01-09.11.35:919][  0]LogTemp: Display: Loaded TP AndroidTargetPlatform
[2021.12.01-09.11.35:921][  0]LogTemp: Display: Loaded TP HTML5TargetPlatform
[2021.12.01-09.11.36:001][  0]LogTemp: Display: Loaded TP IOSTargetPlatform
[2021.12.01-09.11.36:017][  0]LogTemp: Display: Loaded TP TVOSTargetPlatform
[2021.12.01-09.11.36:031][  0]LogTemp: Display: Loaded TP LinuxClientTargetPlatform
[2021.12.01-09.11.36:046][  0]LogTemp: Display: Loaded TP LinuxNoEditorTargetPlatform
[2021.12.01-09.11.36:064][  0]LogTemp: Display: Loaded TP LinuxServerTargetPlatform
[2021.12.01-09.11.36:080][  0]LogTemp: Display: Loaded TP LinuxTargetPlatform
[2021.12.01-09.11.36:080][  0]LogTargetPlatformManager: Display: Building Assets For Windows
[2021.12.01-09.11.36:642][  0]LogXGEController: Cleaning working directory: C:/Users/KISIK/AppData/Local/Temp/UnrealXGEWorkingDir/
[2021.12.01-09.11.36:642][  0]LogXGEController: Cannot use XGE Controller as Incredibuild is not installed on this machine.
[2021.12.01-09.11.36:643][  0]LogShaderCompilers: Cannot use XGE Shader Compiler as Incredibuild is not installed on this machine.
[2021.12.01-09.11.36:643][  0]LogShaderCompilers: Display: Using Local Shader Compiler.
[2021.12.01-09.11.38:909][  0]LogDerivedDataCache: Display: Max Cache Size: 512 MB
[2021.12.01-09.11.39:220][  0]LogDerivedDataCache: Loaded boot cache 0.31s 74MB C:/Users/KISIK/AppData/Local/UnrealEngine/4.19/DerivedDataCache/Boot.ddc.
[2021.12.01-09.11.39:220][  0]LogDerivedDataCache: Display: Loaded Boot cache: C:/Users/KISIK/AppData/Local/UnrealEngine/4.19/DerivedDataCache/Boot.ddc
[2021.12.01-09.11.39:220][  0]LogDerivedDataCache: FDerivedDataBackendGraph:  Pak pak cache file ../../../../../../Unreal_Project/4.19.2/LetsGo/DerivedDataCache/DDC.ddp not found, will not use a pak cache.
[2021.12.01-09.11.39:220][  0]LogDerivedDataCache: Unable to find inner node Pak for hierarchical cache Hierarchy.
[2021.12.01-09.11.39:221][  0]LogDerivedDataCache: FDerivedDataBackendGraph:  CompressedPak pak cache file ../../../../../../Unreal_Project/4.19.2/LetsGo/DerivedDataCache/Compressed.ddp not found, will not use a pak cache.
[2021.12.01-09.11.39:221][  0]LogDerivedDataCache: Unable to find inner node CompressedPak for hierarchical cache Hierarchy.
[2021.12.01-09.11.39:248][  0]LogDerivedDataCache: Display: Pak cache opened for reading ../../../Engine/DerivedDataCache/Compressed.ddp.
[2021.12.01-09.11.39:263][  0]LogDerivedDataCache: Using Local data cache path C:/Users/KISIK/AppData/Local/UnrealEngine/Common/DerivedDataCache: Writable
[2021.12.01-09.11.39:263][  0]LogDerivedDataCache: Shared data cache path not found in *engine.ini, will not use an Shared cache.
[2021.12.01-09.11.39:263][  0]LogDerivedDataCache: Unable to find inner node Shared for hierarchical cache Hierarchy.
[2021.12.01-09.11.39:281][  0]LogMaterial: Verifying Global Shaders for PCD3D_SM5
[2021.12.01-09.11.39:285][  0]LogSlate: Using Freetype 2.6.0
[2021.12.01-09.11.39:300][  0]LogSlate: SlateFontCache - WITH_FREETYPE: 1, WITH_HARFBUZZ: 1
[2021.12.01-09.11.39:300][  0]LogSlate: SlateFontCache - WITH_FREETYPE: 1, WITH_HARFBUZZ: 1
[2021.12.01-09.11.43:465][  0]LogAssetRegistry: FAssetRegistry took 0.0290 seconds to start up
[2021.12.01-09.11.44:820][  0]LogInit: Selected Device Profile: [Windows]
[2021.12.01-09.11.45:231][  0]LogSimplygon: Simplygon DLL not present - disabling.
[2021.12.01-09.11.45:236][  0]LogMeshReduction: Using SimplygonSwarm for distributed automatic mesh merging
[2021.12.01-09.11.45:236][  0]LogMeshReduction: Using QuadricMeshReduction for automatic static mesh reduction
[2021.12.01-09.11.45:237][  0]LogMeshReduction: No automatic skeletal mesh reduction module available
[2021.12.01-09.11.45:237][  0]LogMeshReduction: No automatic mesh merging module available
[2021.12.01-09.11.45:237][  0]LogMeshMerging: No automatic mesh merging module available
[2021.12.01-09.11.45:337][  0]LogNetVersion: LetsGo , NetCL: 3944462, EngineNetVer: 2, GameNetVer: 0 (Checksum: 1751961038)
[2021.12.01-09.11.46:774][  0]LogPackageLocalizationCache: Processed 13 localized package path(s) for 2 prioritized culture(s) in 0.137105 seconds
[2021.12.01-09.11.46:781][  0]LogUObjectArray: 36745 objects as part of root set at end of initial load.
[2021.12.01-09.11.46:781][  0]LogUObjectAllocator: 7321960 out of 0 bytes used by permanent object pool.
[2021.12.01-09.11.46:781][  0]LogUObjectArray: CloseDisregardForGC: 0/0 objects in disregard for GC pool
[2021.12.01-09.11.59:063][  0]LogTcpMessaging: Initializing TcpMessaging bridge
[2021.12.01-09.11.59:107][  0]LogUdpMessaging: Initializing bridge on interface 0.0.0.0:0 to multicast group 230.0.0.1:6666.
[2021.12.01-09.12.00:201][  0]SourceControl: 소스 콘트롤이 꺼졌습니다.
[2021.12.01-09.12.00:201][  0]SourceControl: 소스 콘트롤이 꺼졌습니다.
[2021.12.01-09.12.00:232][  0]SourceControl: 소스 콘트롤이 꺼졌습니다.
[2021.12.01-09.12.00:260][  0]SourceControl: 소스 콘트롤이 꺼졌습니다.
[2021.12.01-09.12.01:066][  0]LogAndroidPermission: UAndroidPermissionCallbackProxy::GetInstance
[2021.12.01-09.12.01:720][  0]LogOcInput: OculusInput pre-init called
[2021.12.01-09.12.02:030][  0]LogEngine: Initializing Engine...
[2021.12.01-09.12.02:037][  0]LogHMD: Failed to initialize OpenVR with code 110
[2021.12.01-09.12.02:040][  0]LogStats: UGameplayTagsManager::ConstructGameplayTagTree: Construct from data asset -  0.000 s
[2021.12.01-09.12.02:040][  0]LogStats: UGameplayTagsManager::ConstructGameplayTagTree: GameplayTagTreeChangedEvent.Broadcast -  0.000 s
[2021.12.01-09.12.02:533][  0]LogAIModule: Creating AISystem for world Untitled
[2021.12.01-09.12.02:799][  0]LogInit: XAudio2 using 'S27D850(NVIDIA High Definition Audio)' : 2 channels at 48 kHz using 16 bits per sample (channel mask 0x3)
[2021.12.01-09.12.02:996][  0]LogInit: FAudioDevice initialized.
[2021.12.01-09.12.03:139][  0]LogDerivedDataCache: Saved boot cache 0.14s 74MB C:/Users/KISIK/AppData/Local/UnrealEngine/4.19/DerivedDataCache/Boot.ddc.
[2021.12.01-09.12.03:153][  0]LogInit: Texture streaming: Enabled
[2021.12.01-09.12.03:178][  0]LogEngineSessionManager: EngineSessionManager initialized
[2021.12.01-09.12.03:197][  0]LogInit: Transaction tracking system initialized
[2021.12.01-09.12.03:238][  0]BlueprintLog: New page: 에디터 로드
[2021.12.01-09.12.03:384][  0]LocalizationService: 현지화 서비스가 비활성화되었습니다.
[2021.12.01-09.12.03:568][  0]LogConsoleResponse: Display: 
[2021.12.01-09.12.04:052][  0]LogCook: Display: Max memory allowance for cook 16384mb min free memory 0mb
[2021.12.01-09.12.04:052][  0]LogCook: Display: Mobile HDR setting 1
[2021.12.01-09.12.04:052][  0]LogGameplayTags: Display: UGameplayTagsManager::DoneAddingNativeTags. DelegateIsBound: 0
[2021.12.01-09.12.04:052][  0]LogStats: UGameplayTagsManager::ConstructGameplayTagTree: Construct from data asset -  0.000 s
[2021.12.01-09.12.04:052][  0]LogStats: UGameplayTagsManager::ConstructGameplayTagTree: GameplayTagTreeChangedEvent.Broadcast -  0.000 s
[2021.12.01-09.12.04:231][  0]LogFileCache: Scanning file cache for directory 'E:/Unreal_Project/4.19.2/LetsGo/Content/' took 0.06s
[2021.12.01-09.12.04:872][  0]SourceControl: 소스 콘트롤이 꺼졌습니다.
[2021.12.01-09.12.04:874][  0]Cmd: MAP LOAD FILE="../../../../../../Unreal_Project/4.19.2/LetsGo/Content/Map/Stage.umap" TEMPLATE=0 SHOWPROGRESS=1 FEATURELEVEL=3
[2021.12.01-09.12.04:876][  0]LightingResults: New page: 라이팅 빌드
[2021.12.01-09.12.04:882][  0]MapCheck: New page: 맵 체크
[2021.12.01-09.12.04:882][  0]LightingResults: New page: 라이팅 빌드
[2021.12.01-09.12.04:973][  0]LogUObjectGlobals: Created PersistentFrame Addr=0x0000017834e51600, Size=352, Default__BP_BoundingBoxMgr_C Function /Game/Blueprint/BoundingBox/BP_BoundingBoxMgr.BP_BoundingBoxMgr_C:ExecuteUbergraph_BP_BoundingBoxMgr
[2021.12.01-09.12.04:980][  0]LogUObjectGlobals: Destroyed PersistentFrame Addr=0x0000017834e51600, Size=352
[2021.12.01-09.12.04:980][  0]LogUObjectGlobals: Created PersistentFrame Addr=0x0000017834dd9f00, Size=352, Default__BP_BoundingBoxMgr_C Function /Engine/Transient.REINST_BP_BoundingBoxMgr_C_5:ExecuteUbergraph_BP_BoundingBoxMgr
[2021.12.01-09.12.04:988][  0]LogUObjectGlobals: Created PersistentFrame Addr=0x0000017834d98a00, Size=352, Default__BP_BoundingBoxMgr_C Function /Game/Blueprint/BoundingBox/BP_BoundingBoxMgr.BP_BoundingBoxMgr_C:ExecuteUbergraph_BP_BoundingBoxMgr
[2021.12.01-09.12.05:136][  0]LogUObjectGlobals: Created PersistentFrame Addr=0x0000017834c33340, Size=88, Default__BP_DrawMgr_C Function /Game/Blueprint/BP_DrawMgr.BP_DrawMgr_C:ExecuteUbergraph_BP_DrawMgr
[2021.12.01-09.12.05:139][  0]LogUObjectGlobals: Destroyed PersistentFrame Addr=0x0000017834c33340, Size=88
[2021.12.01-09.12.05:139][  0]LogUObjectGlobals: Created PersistentFrame Addr=0x0000017834c33340, Size=88, Default__BP_DrawMgr_C Function /Engine/Transient.REINST_BP_DrawMgr_C_9:ExecuteUbergraph_BP_DrawMgr
[2021.12.01-09.12.05:143][  0]LogUObjectGlobals: Created PersistentFrame Addr=0x0000017834c33220, Size=88, Default__BP_DrawMgr_C Function /Game/Blueprint/BP_DrawMgr.BP_DrawMgr_C:ExecuteUbergraph_BP_DrawMgr
[2021.12.01-09.12.05:187][  0]LogUObjectGlobals: Created PersistentFrame Addr=0x0000017834cdd800, Size=624, Default__BP_SegmentedVolumeMgr_C Function /Game/Blueprint/SegmentedVolume/BP_SegmentedVolumeMgr.BP_SegmentedVolumeMgr_C:ExecuteUbergraph_BP_SegmentedVolumeMgr
[2021.12.01-09.12.05:197][  0]LogUObjectGlobals: Destroyed PersistentFrame Addr=0x0000017834cdd800, Size=624
[2021.12.01-09.12.05:197][  0]LogUObjectGlobals: Created PersistentFrame Addr=0x0000017834cdd800, Size=624, Default__BP_SegmentedVolumeMgr_C Function /Engine/Transient.REINST_BP_SegmentedVolumeMgr_C_11:ExecuteUbergraph_BP_SegmentedVolumeMgr
[2021.12.01-09.12.05:202][  0]LogUObjectGlobals: Created PersistentFrame Addr=0x0000017816401580, Size=624, Default__BP_SegmentedVolumeMgr_C Function /Game/Blueprint/SegmentedVolume/BP_SegmentedVolumeMgr.BP_SegmentedVolumeMgr_C:ExecuteUbergraph_BP_SegmentedVolumeMgr
[2021.12.01-09.12.05:237][  0]LogUObjectGlobals: Created PersistentFrame Addr=0x000001781640b740, Size=416, Default__BP_CubemapMgr_C Function /Game/Blueprint/Cubemap/BP_CubemapMgr.BP_CubemapMgr_C:ExecuteUbergraph_BP_CubemapMgr
[2021.12.01-09.12.05:267][  0]LogUObjectGlobals: Destroyed PersistentFrame Addr=0x000001781640b740, Size=416
[2021.12.01-09.12.05:267][  0]LogUObjectGlobals: Created PersistentFrame Addr=0x000001781640b740, Size=416, Default__BP_CubemapMgr_C Function /Engine/Transient.REINST_BP_CubemapMgr_C_13:ExecuteUbergraph_BP_CubemapMgr
[2021.12.01-09.12.05:293][  0]LogUObjectGlobals: Created PersistentFrame Addr=0x000001781e90a780, Size=416, Default__BP_CubemapMgr_C Function /Game/Blueprint/Cubemap/BP_CubemapMgr.BP_CubemapMgr_C:ExecuteUbergraph_BP_CubemapMgr
[2021.12.01-09.12.05:989][  0]LogUObjectGlobals: Created PersistentFrame Addr=0x0000017833b54720, Size=112, Default__DancingPeople_C Function /Game/Blueprint/MonsterSpawn/PeopleDance/DancingPeople.DancingPeople_C:ExecuteUbergraph_DancingPeople
[2021.12.01-09.12.05:993][  0]LogUObjectGlobals: Destroyed PersistentFrame Addr=0x0000017833b54720, Size=112
[2021.12.01-09.12.05:993][  0]LogUObjectGlobals: Created PersistentFrame Addr=0x0000017833b54720, Size=112, Default__DancingPeople_C Function /Engine/Transient.REINST_DancingPeople_C_15:ExecuteUbergraph_DancingPeople
[2021.12.01-09.12.05:996][  0]LogUObjectGlobals: Created PersistentFrame Addr=0x0000017834d85bb0, Size=112, Default__DancingPeople_C Function /Game/Blueprint/MonsterSpawn/PeopleDance/DancingPeople.DancingPeople_C:ExecuteUbergraph_DancingPeople
[2021.12.01-09.12.06:038][  0]LogUObjectGlobals: Created PersistentFrame Addr=0x000001781e91b0a8, Size=4, Default__AnimBP_DeerStag_C Function /Game/Meshes/AnimalVarietyPack/DeerStagAndDoe/Animations/AnimBp_DeerStag.AnimBP_DeerStag_C:ExecuteUbergraph_AnimBP_DeerStag
[2021.12.01-09.12.06:042][  0]LogUObjectGlobals: Destroyed PersistentFrame Addr=0x000001781e91b0a8, Size=4
[2021.12.01-09.12.06:042][  0]LogUObjectGlobals: Created PersistentFrame Addr=0x000001781e91b0a8, Size=4, Default__AnimBP_DeerStag_C Function /Engine/Transient.REINST_AnimBP_DeerStag_C_0:ExecuteUbergraph_AnimBP_DeerStag
[2021.12.01-09.12.06:044][  0]LogUObjectGlobals: Created PersistentFrame Addr=0x000001781e91acf0, Size=4, Default__AnimBP_DeerStag_C Function /Game/Meshes/AnimalVarietyPack/DeerStagAndDoe/Animations/AnimBp_DeerStag.AnimBP_DeerStag_C:ExecuteUbergraph_AnimBP_DeerStag
[2021.12.01-09.12.06:067][  0]LogUObjectGlobals: Created PersistentFrame Addr=0x000001781e91acc0, Size=4, Default__AnimBP_Fox_C Function /Game/Meshes/AnimalVarietyPack/Fox/Animations/AnimBP_Fox.AnimBP_Fox_C:ExecuteUbergraph_AnimBP_Fox
[2021.12.01-09.12.06:068][  0]LogUObjectGlobals: Destroyed PersistentFrame Addr=0x000001781e91acc0, Size=4
[2021.12.01-09.12.06:068][  0]LogUObjectGlobals: Created PersistentFrame Addr=0x000001781e91acc0, Size=4, Default__AnimBP_Fox_C Function /Engine/Transient.REINST_AnimBP_Fox_C_1:ExecuteUbergraph_AnimBP_Fox
[2021.12.01-09.12.06:069][  0]LogUObjectGlobals: Created PersistentFrame Addr=0x000001781e91ac28, Size=4, Default__AnimBP_Fox_C Function /Game/Meshes/AnimalVarietyPack/Fox/Animations/AnimBP_Fox.AnimBP_Fox_C:ExecuteUbergraph_AnimBP_Fox
[2021.12.01-09.12.06:092][  0]LogUObjectGlobals: Created PersistentFrame Addr=0x000001781e91abf0, Size=4, Default__AnimBP_Pig_C Function /Game/Meshes/AnimalVarietyPack/Pig/Animations/AnimBP_Pig.AnimBP_Pig_C:ExecuteUbergraph_AnimBP_Pig
[2021.12.01-09.12.06:093][  0]LogUObjectGlobals: Destroyed PersistentFrame Addr=0x000001781e91abf0, Size=4
[2021.12.01-09.12.06:093][  0]LogUObjectGlobals: Created PersistentFrame Addr=0x000001781e91abf0, Size=4, Default__AnimBP_Pig_C Function /Engine/Transient.REINST_AnimBP_Pig_C_2:ExecuteUbergraph_AnimBP_Pig
[2021.12.01-09.12.06:094][  0]LogUObjectGlobals: Created PersistentFrame Addr=0x000001781e91ab68, Size=4, Default__AnimBP_Pig_C Function /Game/Meshes/AnimalVarietyPack/Pig/Animations/AnimBP_Pig.AnimBP_Pig_C:ExecuteUbergraph_AnimBP_Pig
[2021.12.01-09.12.06:116][  0]LogUObjectGlobals: Created PersistentFrame Addr=0x000001781e91ab38, Size=4, Default__AnimBP_Spider3_C Function /Game/Meshes/Spider/AnimBP_Spider3.AnimBP_Spider3_C:ExecuteUbergraph_AnimBP_Spider3
[2021.12.01-09.12.06:117][  0]LogUObjectGlobals: Destroyed PersistentFrame Addr=0x000001781e91ab38, Size=4
[2021.12.01-09.12.06:117][  0]LogUObjectGlobals: Created PersistentFrame Addr=0x000001781e91ab38, Size=4, Default__AnimBP_Spider3_C Function /Engine/Transient.REINST_AnimBP_Spider3_C_3:ExecuteUbergraph_AnimBP_Spider3
[2021.12.01-09.12.06:118][  0]LogUObjectGlobals: Created PersistentFrame Addr=0x000001781e91aaa0, Size=4, Default__AnimBP_Spider3_C Function /Game/Meshes/Spider/AnimBP_Spider3.AnimBP_Spider3_C:ExecuteUbergraph_AnimBP_Spider3
[2021.12.01-09.12.06:222][  0]LogUObjectGlobals: Created PersistentFrame Addr=0x000001781ae87380, Size=608, Default__Monster_C Function /Game/Blueprint/MonsterSpawn/Route/Monster.Monster_C:ExecuteUbergraph_Monster
[2021.12.01-09.12.06:229][  0]LogUObjectGlobals: Destroyed PersistentFrame Addr=0x000001781ae87380, Size=608
[2021.12.01-09.12.06:229][  0]LogUObjectGlobals: Created PersistentFrame Addr=0x000001781ae87380, Size=608, Default__Monster_C Function /Engine/Transient.REINST_Monster_C_21:ExecuteUbergraph_Monster
[2021.12.01-09.12.06:233][  0]LogUObjectGlobals: Created PersistentFrame Addr=0x000001781ae84e00, Size=608, Default__Monster_C Function /Game/Blueprint/MonsterSpawn/Route/Monster.Monster_C:ExecuteUbergraph_Monster
[2021.12.01-09.12.06:491][  0]LogUObjectGlobals: Created PersistentFrame Addr=0x000001781aa43380, Size=288, Default__BP_RouteMonsterSpawner_C Function /Game/Blueprint/MonsterSpawn/Route/BP_RouteMonsterSpawner.BP_RouteMonsterSpawner_C:ExecuteUbergraph_BP_RouteMonsterSpawner
[2021.12.01-09.12.06:498][  0]LogUObjectGlobals: Destroyed PersistentFrame Addr=0x000001781aa43380, Size=288
[2021.12.01-09.12.06:498][  0]LogUObjectGlobals: Created PersistentFrame Addr=0x000001781aa43380, Size=288, Default__BP_RouteMonsterSpawner_C Function /Engine/Transient.REINST_BP_RouteMonsterSpawner_C_23:ExecuteUbergraph_BP_RouteMonsterSpawner
[2021.12.01-09.12.06:501][  0]LogUObjectGlobals: Created PersistentFrame Addr=0x000001781aa42fc0, Size=288, Default__BP_RouteMonsterSpawner_C Function /Game/Blueprint/MonsterSpawn/Route/BP_RouteMonsterSpawner.BP_RouteMonsterSpawner_C:ExecuteUbergraph_BP_RouteMonsterSpawner
[2021.12.01-09.12.06:506][  0]LogUObjectGlobals: Created PersistentFrame Addr=0x000001781b6bfe80, Size=192, Default__BP_RouteMonsterSpawnMgr_C Function /Game/Blueprint/MonsterSpawn/Route/BP_RouteMonsterSpawnMgr.BP_RouteMonsterSpawnMgr_C:ExecuteUbergraph_BP_RouteMonsterSpawnMgr
[2021.12.01-09.12.06:508][  0]LogUObjectGlobals: Destroyed PersistentFrame Addr=0x000001781b6bfe80, Size=192
[2021.12.01-09.12.06:508][  0]LogUObjectGlobals: Created PersistentFrame Addr=0x000001781b6bfe80, Size=192, Default__BP_RouteMonsterSpawnMgr_C Function /Engine/Transient.REINST_BP_RouteMonsterSpawnMgr_C_25:ExecuteUbergraph_BP_RouteMonsterSpawnMgr
[2021.12.01-09.12.06:510][  0]LogUObjectGlobals: Created PersistentFrame Addr=0x000001781b6be8c0, Size=192, Default__BP_RouteMonsterSpawnMgr_C Function /Game/Blueprint/MonsterSpawn/Route/BP_RouteMonsterSpawnMgr.BP_RouteMonsterSpawnMgr_C:ExecuteUbergraph_BP_RouteMonsterSpawnMgr
[2021.12.01-09.12.06:539][  0]LogUObjectGlobals: Created PersistentFrame Addr=0x000001781aae60b0, Size=16, Default__Drawing_C Function /Game/Blueprint/MonsterSpawn/Route/Drawing.Drawing_C:ExecuteUbergraph_Drawing
[2021.12.01-09.12.06:541][  0]LogUObjectGlobals: Destroyed PersistentFrame Addr=0x000001781aae60b0, Size=16
[2021.12.01-09.12.06:541][  0]LogUObjectGlobals: Created PersistentFrame Addr=0x000001781aae60b0, Size=16, Default__Drawing_C Function /Engine/Transient.REINST_Drawing_C_27:ExecuteUbergraph_Drawing
[2021.12.01-09.12.06:542][  0]LogUObjectGlobals: Created PersistentFrame Addr=0x000001781aae6070, Size=16, Default__Drawing_C Function /Game/Blueprint/MonsterSpawn/Route/Drawing.Drawing_C:ExecuteUbergraph_Drawing
[2021.12.01-09.12.06:770][  0]LogUObjectGlobals: Created PersistentFrame Addr=0x000001781aae5550, Size=16, Default__EntryPoint_C Function /Game/Blueprint/MonsterSpawn/Route/EntryPoint.EntryPoint_C:ExecuteUbergraph_EntryPoint
[2021.12.01-09.12.06:772][  0]LogUObjectGlobals: Destroyed PersistentFrame Addr=0x000001781aae5550, Size=16
[2021.12.01-09.12.06:772][  0]LogUObjectGlobals: Created PersistentFrame Addr=0x000001781aae5550, Size=16, Default__EntryPoint_C Function /Engine/Transient.REINST_EntryPoint_C_29:ExecuteUbergraph_EntryPoint
[2021.12.01-09.12.06:773][  0]LogUObjectGlobals: Created PersistentFrame Addr=0x000001781aae5540, Size=16, Default__EntryPoint_C Function /Game/Blueprint/MonsterSpawn/Route/EntryPoint.EntryPoint_C:ExecuteUbergraph_EntryPoint
[2021.12.01-09.12.06:822][  0]LogUObjectGlobals: Created PersistentFrame Addr=0x000001781aae5280, Size=16, Default__ExitPoint_C Function /Game/Blueprint/MonsterSpawn/Route/ExitPoint.ExitPoint_C:ExecuteUbergraph_ExitPoint
[2021.12.01-09.12.06:824][  0]LogUObjectGlobals: Destroyed PersistentFrame Addr=0x000001781aae5280, Size=16
[2021.12.01-09.12.06:824][  0]LogUObjectGlobals: Created PersistentFrame Addr=0x000001781aae5280, Size=16, Default__ExitPoint_C Function /Engine/Transient.REINST_ExitPoint_C_31:ExecuteUbergraph_ExitPoint
[2021.12.01-09.12.06:825][  0]LogUObjectGlobals: Created PersistentFrame Addr=0x000001781aae5290, Size=16, Default__ExitPoint_C Function /Game/Blueprint/MonsterSpawn/Route/ExitPoint.ExitPoint_C:ExecuteUbergraph_ExitPoint
[2021.12.01-09.12.06:847][  0]LogUObjectGlobals: Created PersistentFrame Addr=0x000001781aae4e40, Size=16, Default__RoutPoint_C Function /Game/Blueprint/MonsterSpawn/Route/RoutPoint.RoutPoint_C:ExecuteUbergraph_RoutPoint
[2021.12.01-09.12.06:849][  0]LogUObjectGlobals: Destroyed PersistentFrame Addr=0x000001781aae4e40, Size=16
[2021.12.01-09.12.06:849][  0]LogUObjectGlobals: Created PersistentFrame Addr=0x000001781aae4e40, Size=16, Default__RoutPoint_C Function /Engine/Transient.REINST_RoutPoint_C_33:ExecuteUbergraph_RoutPoint
[2021.12.01-09.12.06:850][  0]LogUObjectGlobals: Created PersistentFrame Addr=0x000001781aae4e50, Size=16, Default__RoutPoint_C Function /Game/Blueprint/MonsterSpawn/Route/RoutPoint.RoutPoint_C:ExecuteUbergraph_RoutPoint
[2021.12.01-09.12.07:054][  0]LogUObjectGlobals: Created PersistentFrame Addr=0x000001781e918498, Size=4, Default__AnimBP_BARGHEST_C Function /Game/Meshes/QuadrapedCreatures/Barghest/Animations/AnimBP_BARGHEST.AnimBP_BARGHEST_C:ExecuteUbergraph_AnimBP_BARGHEST
[2021.12.01-09.12.07:056][  0]LogUObjectGlobals: Destroyed PersistentFrame Addr=0x000001781e918498, Size=4
[2021.12.01-09.12.07:056][  0]LogUObjectGlobals: Created PersistentFrame Addr=0x000001781e918498, Size=4, Default__AnimBP_BARGHEST_C Function /Engine/Transient.REINST_AnimBP_BARGHEST_C_4:ExecuteUbergraph_AnimBP_BARGHEST
[2021.12.01-09.12.07:057][  0]LogUObjectGlobals: Created PersistentFrame Addr=0x000001781e918400, Size=4, Default__AnimBP_BARGHEST_C Function /Game/Meshes/QuadrapedCreatures/Barghest/Animations/AnimBP_BARGHEST.AnimBP_BARGHEST_C:ExecuteUbergraph_AnimBP_BARGHEST
[2021.12.01-09.12.07:067][  0]LogUObjectGlobals: Created PersistentFrame Addr=0x000001781c314340, Size=168, Default__TracerMonsterController_C Function /Game/Blueprint/MonsterSpawn/Tracer/TracerMonsterController.TracerMonsterController_C:ExecuteUbergraph_TracerMonsterController
[2021.12.01-09.12.07:070][  0]LogUObjectGlobals: Destroyed PersistentFrame Addr=0x000001781c314340, Size=168
[2021.12.01-09.12.07:070][  0]LogUObjectGlobals: Created PersistentFrame Addr=0x000001781ba9ba00, Size=168, Default__TracerMonsterController_C Function /Engine/Transient.REINST_TracerMonsterController_C_38:ExecuteUbergraph_TracerMonsterController
[2021.12.01-09.12.07:073][  0]LogUObjectGlobals: Created PersistentFrame Addr=0x000001781ba9a5c0, Size=168, Default__TracerMonsterController_C Function /Game/Blueprint/MonsterSpawn/Tracer/TracerMonsterController.TracerMonsterController_C:ExecuteUbergraph_TracerMonsterController
[2021.12.01-09.12.07:161][  0]LogUObjectGlobals: Created PersistentFrame Addr=0x000001781ba5ff78, Size=8, Default__TracerMonster_C Function /Game/Blueprint/MonsterSpawn/Tracer/TracerMonster.TracerMonster_C:ExecuteUbergraph_TracerMonster
[2021.12.01-09.12.07:163][  0]LogUObjectGlobals: Destroyed PersistentFrame Addr=0x000001781ba5ff78, Size=8
[2021.12.01-09.12.07:163][  0]LogUObjectGlobals: Created PersistentFrame Addr=0x000001781ba5ff78, Size=8, Default__TracerMonster_C Function /Engine/Transient.REINST_TracerMonster_C_40:ExecuteUbergraph_TracerMonster
[2021.12.01-09.12.07:163][  0]LogUObjectGlobals: Created PersistentFrame Addr=0x000001781ba5fe78, Size=8, Default__TracerMonster_C Function /Game/Blueprint/MonsterSpawn/Tracer/TracerMonster.TracerMonster_C:ExecuteUbergraph_TracerMonster
[2021.12.01-09.12.07:195][  0]LogUObjectGlobals: Created PersistentFrame Addr=0x000001781ba5fdb0, Size=4, Default__Anim_ArmsBP_C Function /Game/Animations/FPP/Anim_ArmsBP.Anim_ArmsBP_C:ExecuteUbergraph_Anim_ArmsBP
[2021.12.01-09.12.07:197][  0]LogUObjectGlobals: Destroyed PersistentFrame Addr=0x000001781ba5fdb0, Size=4
[2021.12.01-09.12.07:197][  0]LogUObjectGlobals: Created PersistentFrame Addr=0x000001781ba5fdb0, Size=4, Default__Anim_ArmsBP_C Function /Engine/Transient.REINST_Anim_ArmsBP_C_5:ExecuteUbergraph_Anim_ArmsBP
[2021.12.01-09.12.07:198][  0]LogUObjectGlobals: Created PersistentFrame Addr=0x000001781ba5fd40, Size=4, Default__Anim_ArmsBP_C Function /Game/Animations/FPP/Anim_ArmsBP.Anim_ArmsBP_C:ExecuteUbergraph_Anim_ArmsBP
[2021.12.01-09.12.07:314][  0]LogUObjectGlobals: Created PersistentFrame Addr=0x000001781ba5f928, Size=4, Default__BP_Effect_Explosion_C Function /Game/Blueprint/Play/BP_Effect_Explosion.BP_Effect_Explosion_C:ExecuteUbergraph_BP_Effect_Explosion
[2021.12.01-09.12.07:318][  0]LogUObjectGlobals: Destroyed PersistentFrame Addr=0x000001781ba5f928, Size=4
[2021.12.01-09.12.07:318][  0]LogUObjectGlobals: Created PersistentFrame Addr=0x000001781ba5f928, Size=4, Default__BP_Effect_Explosion_C Function /Engine/Transient.REINST_BP_Effect_Explosion_C_43:ExecuteUbergraph_BP_Effect_Explosion
[2021.12.01-09.12.07:319][  0]LogUObjectGlobals: Created PersistentFrame Addr=0x000001781ba5f860, Size=4, Default__BP_Effect_Explosion_C Function /Game/Blueprint/Play/BP_Effect_Explosion.BP_Effect_Explosion_C:ExecuteUbergraph_BP_Effect_Explosion
[2021.12.01-09.12.07:358][  0]LogUObjectGlobals: Created PersistentFrame Addr=0x00000178379da5c0, Size=272, Default__BP_FPSProjectile_C Function /Game/Blueprint/Play/BP_FPSProjectile.BP_FPSProjectile_C:ExecuteUbergraph_BP_FPSProjectile
[2021.12.01-09.12.07:361][  0]LogUObjectGlobals: Destroyed PersistentFrame Addr=0x00000178379da5c0, Size=272
[2021.12.01-09.12.07:361][  0]LogUObjectGlobals: Created PersistentFrame Addr=0x00000178379da5c0, Size=272, Default__BP_FPSProjectile_C Function /Engine/Transient.REINST_BP_FPSProjectile_C_45:ExecuteUbergraph_BP_FPSProjectile
[2021.12.01-09.12.07:365][  0]LogUObjectGlobals: Created PersistentFrame Addr=0x00000178379da0c0, Size=272, Default__BP_FPSProjectile_C Function /Game/Blueprint/Play/BP_FPSProjectile.BP_FPSProjectile_C:ExecuteUbergraph_BP_FPSProjectile
[2021.12.01-09.12.07:576][  0]LogUObjectGlobals: Created PersistentFrame Addr=0x0000017838606680, Size=352, Default__BP_FPSCharacter_C Function /Game/Blueprint/Play/BP_FPSCharacter.BP_FPSCharacter_C:ExecuteUbergraph_BP_FPSCharacter
[2021.12.01-09.12.07:581][  0]LogUObjectGlobals: Destroyed PersistentFrame Addr=0x0000017838606680, Size=352
[2021.12.01-09.12.07:581][  0]LogUObjectGlobals: Created PersistentFrame Addr=0x00000178385c4a00, Size=352, Default__BP_FPSCharacter_C Function /Engine/Transient.REINST_BP_FPSCharacter_C_47:ExecuteUbergraph_BP_FPSCharacter
[2021.12.01-09.12.07:584][  0]LogUObjectGlobals: Created PersistentFrame Addr=0x000001783859b580, Size=352, Default__BP_FPSCharacter_C Function /Game/Blueprint/Play/BP_FPSCharacter.BP_FPSCharacter_C:ExecuteUbergraph_BP_FPSCharacter
[2021.12.01-09.12.07:647][  0]LogUObjectGlobals: Created PersistentFrame Addr=0x000001783845fd60, Size=44, Default__BP_SlamMgr_C Function /Game/Blueprint/SLAM/BP_SlamMgr.BP_SlamMgr_C:ExecuteUbergraph_BP_SlamMgr
[2021.12.01-09.12.07:672][  0]LogUObjectGlobals: Destroyed PersistentFrame Addr=0x000001783845fd60, Size=44
[2021.12.01-09.12.07:672][  0]LogUObjectGlobals: Created PersistentFrame Addr=0x000001783812fdc0, Size=44, Default__BP_SlamMgr_C Function /Engine/Transient.REINST_BP_SlamMgr_C_53:ExecuteUbergraph_BP_SlamMgr
[2021.12.01-09.12.07:694][  0]LogUObjectGlobals: Created PersistentFrame Addr=0x0000017837ffb490, Size=44, Default__BP_SlamMgr_C Function /Game/Blueprint/SLAM/BP_SlamMgr.BP_SlamMgr_C:ExecuteUbergraph_BP_SlamMgr
[2021.12.01-09.12.07:724][  0]LogUObjectGlobals: Created PersistentFrame Addr=0x0000017838568100, Size=3888, Default__Stage_C Function /Game/Map/Stage.Stage_C:ExecuteUbergraph_Stage
[2021.12.01-09.12.07:820][  0]LogUObjectGlobals: Destroyed PersistentFrame Addr=0x0000017838568100, Size=3888
[2021.12.01-09.12.07:820][  0]LogUObjectGlobals: Created PersistentFrame Addr=0x0000017837fc10c0, Size=3888, Default__Stage_C Function /Engine/Transient.REINST_Stage_C_55:ExecuteUbergraph_Stage
[2021.12.01-09.12.07:857][  0]LogUObjectGlobals: Created PersistentFrame Addr=0x00000178389ef040, Size=3888, Default__Stage_C Function /Game/Map/Stage.Stage_C:ExecuteUbergraph_Stage
[2021.12.01-09.12.08:116][  0]LogSkeletalMesh: Skeletal Mesh found in DDC [14.428800ms] /Game/Meshes/Scanned3DPeoplePack/RP_Character/rp_nathan_rigged_003_ue4/rp_nathan_rigged_003_ue4.rp_nathan_rigged_003_ue4
[2021.12.01-09.12.08:160][  0]LogSkeletalMesh: Skeletal Mesh found in DDC [11.403900ms] /Game/Meshes/Scanned3DPeoplePack/RP_Character/rp_manuel_rigged_001_Mobile_ue4/rp_manuel_rigged_001_Mobile_ue4.rp_manuel_rigged_001_Mobile_ue4
[2021.12.01-09.12.08:189][  0]LogSkeletalMesh: Skeletal Mesh found in DDC [12.970800ms] /Game/Meshes/Scanned3DPeoplePack/RP_Character/rp_eric_rigged_001_ue4/rp_eric_rigged_001_ue4.rp_eric_rigged_001_ue4
[2021.12.01-09.12.08:235][  0]LogSkeletalMesh: Skeletal Mesh found in DDC [15.615200ms] /Game/Meshes/AnimalVarietyPack/Pig/Meshes/SK_Pig.SK_Pig
[2021.12.01-09.12.08:278][  0]LogSkeletalMesh: Skeletal Mesh found in DDC [14.288000ms] /Game/Meshes/AnimalVarietyPack/Fox/Meshes/SK_Fox.SK_Fox
[2021.12.01-09.12.08:307][  0]LogSkeletalMesh: Skeletal Mesh found in DDC [16.467300ms] /Game/Meshes/AnimalVarietyPack/DeerStagAndDoe/Meshes/SK_DeerStag.SK_DeerStag
[2021.12.01-09.12.08:375][  0]LogSkeletalMesh: Skeletal Mesh found in DDC [7.559000ms] /Game/Meshes/Spider/Spider_3.Spider_3
[2021.12.01-09.12.08:553][  0]LogSkeletalMesh: Skeletal Mesh found in DDC [12.497900ms] /Game/Meshes/Scanned3DPeoplePack/RP_Character/rp_sophia_rigged_003_ue4/rp_sophia_rigged_003_ue4.rp_sophia_rigged_003_ue4
[2021.12.01-09.12.08:722][  0]LogSkeletalMesh: Skeletal Mesh found in DDC [13.155700ms] /Game/Meshes/QuadrapedCreatures/Barghest/Meshes/SK_BARGHEST.SK_BARGHEST
[2021.12.01-09.12.08:961][  0]LogSkeletalMesh: Skeletal Mesh found in DDC [15.222600ms] /Game/Meshes/Scanned3DPeoplePack/RP_Character/rp_claudia_rigged_002_ue4/rp_claudia_rigged_002_ue4.rp_claudia_rigged_002_ue4
[2021.12.01-09.12.09:021][  0]LogSkeletalMesh: Skeletal Mesh found in DDC [15.174900ms] /Game/Meshes/Scanned3DPeoplePack/RP_Character/rp_carla_rigged_001_ue4/rp_carla_rigged_001_ue4.rp_carla_rigged_001_ue4
[2021.12.01-09.12.09:354][  0]LogSkeletalMesh: Skeletal Mesh found in DDC [6.722200ms] /Game/Meshes/HeroFPP/HeroFPP.HeroFPP
[2021.12.01-09.12.09:381][  0]LogSkeletalMesh: Skeletal Mesh found in DDC [10.512200ms] /Game/Meshes/FPS_Weapon_Bundle/Weapons/Meshes/Ka47/SK_KA47.SK_KA47
[2021.12.01-09.12.09:457][  0]LogAIModule: Creating AISystem for world Stage
[2021.12.01-09.12.09:481][  0]LogEditorServer: Finished looking for orphan Actors (0.000 secs)
[2021.12.01-09.12.09:500][  0]LogUObjectGlobals: Destroyed PersistentFrame Addr=0x0000017834dd9f00, Size=352
[2021.12.01-09.12.09:500][  0]LogUObjectGlobals: Destroyed PersistentFrame Addr=0x0000017834c33340, Size=88
[2021.12.01-09.12.09:501][  0]LogUObjectGlobals: Destroyed PersistentFrame Addr=0x0000017834cdd800, Size=624
[2021.12.01-09.12.09:501][  0]LogUObjectGlobals: Destroyed PersistentFrame Addr=0x000001781640b740, Size=416
[2021.12.01-09.12.09:501][  0]LogUObjectGlobals: Destroyed PersistentFrame Addr=0x0000017833b54720, Size=112
[2021.12.01-09.12.09:501][  0]LogUObjectGlobals: Destroyed PersistentFrame Addr=0x000001781e91b0a8, Size=4
[2021.12.01-09.12.09:501][  0]LogUObjectGlobals: Destroyed PersistentFrame Addr=0x000001781e91acc0, Size=4
[2021.12.01-09.12.09:501][  0]LogUObjectGlobals: Destroyed PersistentFrame Addr=0x000001781e91abf0, Size=4
[2021.12.01-09.12.09:501][  0]LogUObjectGlobals: Destroyed PersistentFrame Addr=0x000001781e91ab38, Size=4
[2021.12.01-09.12.09:501][  0]LogUObjectGlobals: Destroyed PersistentFrame Addr=0x000001781ae87380, Size=608
[2021.12.01-09.12.09:501][  0]LogUObjectGlobals: Destroyed PersistentFrame Addr=0x000001781aa43380, Size=288
[2021.12.01-09.12.09:501][  0]LogUObjectGlobals: Destroyed PersistentFrame Addr=0x000001781b6bfe80, Size=192
[2021.12.01-09.12.09:501][  0]LogUObjectGlobals: Destroyed PersistentFrame Addr=0x000001781aae60b0, Size=16
[2021.12.01-09.12.09:501][  0]LogUObjectGlobals: Destroyed PersistentFrame Addr=0x000001781aae5550, Size=16
[2021.12.01-09.12.09:501][  0]LogUObjectGlobals: Destroyed PersistentFrame Addr=0x000001781aae5280, Size=16
[2021.12.01-09.12.09:501][  0]LogUObjectGlobals: Destroyed PersistentFrame Addr=0x000001781aae4e40, Size=16
[2021.12.01-09.12.09:501][  0]LogUObjectGlobals: Destroyed PersistentFrame Addr=0x000001781e918498, Size=4
[2021.12.01-09.12.09:501][  0]LogUObjectGlobals: Destroyed PersistentFrame Addr=0x000001781ba9ba00, Size=168
[2021.12.01-09.12.09:502][  0]LogUObjectGlobals: Destroyed PersistentFrame Addr=0x000001781ba5ff78, Size=8
[2021.12.01-09.12.09:502][  0]LogUObjectGlobals: Destroyed PersistentFrame Addr=0x000001781ba5fdb0, Size=4
[2021.12.01-09.12.09:502][  0]LogUObjectGlobals: Destroyed PersistentFrame Addr=0x000001781ba5f928, Size=4
[2021.12.01-09.12.09:502][  0]LogUObjectGlobals: Destroyed PersistentFrame Addr=0x00000178379da5c0, Size=272
[2021.12.01-09.12.09:502][  0]LogUObjectGlobals: Destroyed PersistentFrame Addr=0x00000178385c4a00, Size=352
[2021.12.01-09.12.09:502][  0]LogUObjectGlobals: Destroyed PersistentFrame Addr=0x000001783812fdc0, Size=44
[2021.12.01-09.12.09:502][  0]LogUObjectGlobals: Destroyed PersistentFrame Addr=0x0000017837fc10c0, Size=3888
[2021.12.01-09.12.09:505][  0]Cmd: MAP CHECKDEP NOCLEARLOG
[2021.12.01-09.12.09:642][  0]MapCheck: 맵 체크 완료: 오류 0 회, 경고 0 회, 소요 시간 137.534ms.
[2021.12.01-09.12.09:643][  0]LogFileHelpers: Loading map 'Stage' took 4.769
[2021.12.01-09.12.09:935][  0]LogCollectionManager: Loaded 0 collections in 0.001656 seconds
[2021.12.01-09.12.10:003][  0]LogFileCache: Scanning file cache for directory 'E:/Unreal_Project/4.19.2/LetsGo/Saved/Collections/' took 0.01s
[2021.12.01-09.12.10:003][  0]LogFileCache: Scanning file cache for directory 'E:/Unreal_Project/4.19.2/LetsGo/Content/Developers/KISIK/Collections/' took 0.01s
[2021.12.01-09.12.10:003][  0]LogFileCache: Scanning file cache for directory 'E:/Unreal_Project/4.19.2/LetsGo/Content/Collections/' took 0.01s
[2021.12.01-09.12.10:003][  0]LogCollectionManager: Rebuilt the GUID cache for 0 collections in 0.000000 seconds
[2021.12.01-09.12.10:017][  0]LogContentBrowser: Native class hierarchy populated in 0.0126 seconds. Added 2473 classes and 568 folders.
[2021.12.01-09.12.10:030][  0]LogContentBrowser: Native class hierarchy updated for 'WidgetCarousel' in 0.0014 seconds. Added 0 classes and 0 folders.
[2021.12.01-09.12.10:567][  0]LogContentBrowser: Native class hierarchy updated for 'AddContentDialog' in 0.0012 seconds. Added 0 classes and 0 folders.
[2021.12.01-09.12.10:581][  0]LogContentBrowser: Native class hierarchy updated for 'SceneOutliner' in 0.0017 seconds. Added 1 classes and 2 folders.
[2021.12.01-09.12.10:610][  0]LogContentBrowser: Native class hierarchy updated for 'WorldBrowser' in 0.0023 seconds. Added 2 classes and 3 folders.
[2021.12.01-09.12.10:803][  0]LogSlate: Took 0.008142 seconds to synchronously load lazily loaded font '../../../Engine/Content/Slate/Fonts/Roboto-Regular.ttf' (155K)
[2021.12.01-09.12.10:827][  0]LogSlate: Took 0.022969 seconds to synchronously load lazily loaded font '../../../Engine/Content/Editor/Slate/Fonts/NanumGothic.ttf' (4243K)
[2021.12.01-09.12.10:853][  0]LogSlate: Took 0.025591 seconds to synchronously load lazily loaded font '../../../Engine/Content/Editor/Slate/Fonts/NanumGothicBold.ttf' (4188K)
[2021.12.01-09.12.10:860][  0]LogSlate: Took 0.007222 seconds to synchronously load lazily loaded font '../../../Engine/Content/Slate/Fonts/Roboto-Bold.ttf' (160K)
[2021.12.01-09.12.10:875][  0]LogSlate: Took 0.006307 seconds to synchronously load lazily loaded font '../../../Engine/Content/Editor/Slate/Fonts/FontAwesome.ttf' (139K)
[2021.12.01-09.12.11:121][  0]LogRenderer: Reallocating scene render targets to support 1256x620 Format 10 NumSamples 1 (Frame:1).
[2021.12.01-09.12.11:289][  0]LogContentBrowser: Native class hierarchy updated for 'HierarchicalLODOutliner' in 0.0012 seconds. Added 0 classes and 0 folders.
[2021.12.01-09.12.11:289][  0]LogLoad: (Engine Initialization) Total time: 51.21 seconds
[2021.12.01-09.12.11:289][  0]LogLoad: (Engine Initialization) Total Blueprint compile time: 0.00 seconds
[2021.12.01-09.12.11:664][  0]LogContentStreaming: Texture pool size now 1000 MB
[2021.12.01-09.12.11:774][  0]LogSlate: Took 0.006364 seconds to synchronously load lazily loaded font '../../../Engine/Content/Slate/Fonts/Roboto-Light.ttf' (167K)
[2021.12.01-09.12.12:980][  4]LogAssetRegistry: Asset discovery search completed in 29.5369 seconds
[2021.12.01-09.12.12:984][  4]LogCollectionManager: Rebuilt the object cache for 0 collections in 0.000000 seconds (found 0 objects)
[2021.12.01-09.12.12:984][  4]LogCollectionManager: Fixed up redirectors for 0 collections in 0.000085 seconds (updated 0 objects)
[2021.12.01-09.12.13:295][  5]LogSlate: FSceneViewport::OnFocusLost() reason 0
[2021.12.01-09.19.54:310][534]LogHotReload: New module detected: UE4Editor-LetsGo-1821.dll
[2021.12.01-09.20.13:537][601]LogHotReload: Starting Hot-Reload from IDE
[2021.12.01-09.20.13:557][601]LogSlate: Took 0.001662 seconds to synchronously load lazily loaded font '../../../Engine/Content/Slate/Fonts/Roboto-Light.ttf' (167K)
[2021.12.01-09.20.13:667][601]LogClass: PlanePoint HotReload.
[2021.12.01-09.20.22:044][601]LogContentBrowser: Native class hierarchy updated for 'LetsGo' in 0.0021 seconds. Added 10 classes and 4 folders.
[2021.12.01-09.20.22:049][601]Display: HotReload successful (26 functions remapped  1 scriptstructs remapped)
[2021.12.01-09.20.22:169][601]LogContentBrowser: Native class hierarchy populated in 0.0096 seconds. Added 2476 classes and 573 folders.
[2021.12.01-09.20.22:192][601]Display: HotReload took  8.7s.
[2021.12.01-09.20.48:373][852]LogTemp: Repeating last play command: 선택된 뷰포트
[2021.12.01-09.20.48:398][852]LogBlueprintUserMessages: Early PlayInEditor Detection: Level '/Game/Map/Stage.Stage:PersistentLevel' has LevelScriptBlueprint '/Game/Map/Stage.Stage:PersistentLevel.Stage' with GeneratedClass '/Game/Map/Stage.Stage_C' with ClassGeneratedBy '/Game/Map/Stage.Stage:PersistentLevel.Stage'
[2021.12.01-09.20.48:398][852]LogPlayLevel: PlayLevel: No blueprints needed recompiling
[2021.12.01-09.20.48:399][852]PIE: New page: PIE 세션: Stage (2021. 12. 2. 오전 3:20:48)
[2021.12.01-09.20.48:399][852]LogPlayLevel: Creating play world package: /Game/Map/UEDPIE_0_Stage
[2021.12.01-09.20.55:794][852]LogPlayLevel: PIE: StaticDuplicateObject took: (7.395745s)
[2021.12.01-09.20.55:795][852]LogAIModule: Creating AISystem for world Stage
[2021.12.01-09.20.55:796][852]LogPlayLevel: PIE: World Init took: (0.001150s)
[2021.12.01-09.20.55:796][852]LogPlayLevel: PIE: Created PIE world by copying editor world from /Game/Map/Stage.Stage to /Game/Map/UEDPIE_0_Stage.Stage (7.397175s)
[2021.12.01-09.20.56:068][852]LogInit: XAudio2 using 'S27D850(NVIDIA High Definition Audio)' : 2 channels at 48 kHz using 16 bits per sample (channel mask 0x3)
[2021.12.01-09.20.56:127][852]LogInit: FAudioDevice initialized.
[2021.12.01-09.20.56:174][852]LogLoad: Game class is 'BP_GameMode_C'
[2021.12.01-09.20.56:176][852]LogWorld: Bringing World /Game/Map/UEDPIE_0_Stage.Stage up for play (max tick rate 0) at 2021.12.01-18.20.56
[2021.12.01-09.20.56:177][852]LogWorld: Bringing up level for play took: 0.001287
[2021.12.01-09.20.56:215][852]LogContentBrowser: Native class hierarchy updated for 'MovieSceneCapture' in 0.0012 seconds. Added 11 classes and 0 folders.
[2021.12.01-09.21.58:683][852]LetsGo: Warning: KDTreeOutlierFiltering:: Classified 1003331 points as outliers.
[2021.12.01-09.21.59:331][852]LogScript: Warning: 런어웨이 루프가 (1,000,000 회에 걸쳐) 감지되었습니다. 로그에서 스택 추적 내역을 확인하세요.
	BP_SlamMgr_C /Game/Map/UEDPIE_0_Stage.Stage:PersistentLevel.BP_SlamMgr_174
	Function /Game/Blueprint/SLAM/BP_SlamMgr.BP_SlamMgr_C:ExecuteUbergraph_BP_SlamMgr:0040
[2021.12.01-09.21.59:331][852]PIE: Error: 무한 루프 발견된 곳:  BP_SlamMgr , 어서트 발생당시  Branch with the following  콜 스택
[2021.12.01-09.21.59:921][852]LogScript: Warning: 런어웨이 루프가 (1,000,000 회에 걸쳐) 감지되었습니다. 로그에서 스택 추적 내역을 확인하세요.
	BP_SlamMgr_C /Game/Map/UEDPIE_0_Stage.Stage:PersistentLevel.BP_SlamMgr_174
	Function /Game/Blueprint/SLAM/BP_SlamMgr.BP_SlamMgr_C:ExecuteUbergraph_BP_SlamMgr:021C
[2021.12.01-09.21.59:922][852]PIE: Error: 무한 루프 발견된 곳:  BP_SlamMgr , 어서트 발생당시  Draw Landmark 이벤트 with the following  콜 스택
[2021.12.01-09.22.00:483][852]LogScript: Warning: 런어웨이 루프가 (1,000,000 회에 걸쳐) 감지되었습니다. 로그에서 스택 추적 내역을 확인하세요.
	BP_SlamMgr_C /Game/Map/UEDPIE_0_Stage.Stage:PersistentLevel.BP_SlamMgr_174
	Function /Game/Blueprint/SLAM/BP_SlamMgr.BP_SlamMgr_C:ExecuteUbergraph_BP_SlamMgr:021C
[2021.12.01-09.22.00:483][852]PIE: Error: 무한 루프 발견된 곳:  BP_SlamMgr , 어서트 발생당시  Draw Landmark 이벤트 with the following  콜 스택
[2021.12.01-09.22.01:065][852]LogScript: Warning: 런어웨이 루프가 (1,000,000 회에 걸쳐) 감지되었습니다. 로그에서 스택 추적 내역을 확인하세요.
	BP_SlamMgr_C /Game/Map/UEDPIE_0_Stage.Stage:PersistentLevel.BP_SlamMgr_174
	Function /Game/Blueprint/SLAM/BP_SlamMgr.BP_SlamMgr_C:ExecuteUbergraph_BP_SlamMgr:021C
[2021.12.01-09.22.01:065][852]PIE: Error: 무한 루프 발견된 곳:  BP_SlamMgr , 어서트 발생당시  Draw Landmark 이벤트 with the following  콜 스택
[2021.12.01-09.22.01:608][852]LogScript: Warning: 런어웨이 루프가 (1,000,000 회에 걸쳐) 감지되었습니다. 로그에서 스택 추적 내역을 확인하세요.
	BP_SlamMgr_C /Game/Map/UEDPIE_0_Stage.Stage:PersistentLevel.BP_SlamMgr_174
	Function /Game/Blueprint/SLAM/BP_SlamMgr.BP_SlamMgr_C:ExecuteUbergraph_BP_SlamMgr:021C
[2021.12.01-09.22.01:609][852]PIE: Error: 무한 루프 발견된 곳:  BP_SlamMgr , 어서트 발생당시  Draw Landmark 이벤트 with the following  콜 스택
[2021.12.01-09.22.02:230][852]LogScript: Warning: 런어웨이 루프가 (1,000,000 회에 걸쳐) 감지되었습니다. 로그에서 스택 추적 내역을 확인하세요.
	BP_SlamMgr_C /Game/Map/UEDPIE_0_Stage.Stage:PersistentLevel.BP_SlamMgr_174
	Function /Game/Blueprint/SLAM/BP_SlamMgr.BP_SlamMgr_C:ExecuteUbergraph_BP_SlamMgr:021C
[2021.12.01-09.22.02:231][852]PIE: Error: 무한 루프 발견된 곳:  BP_SlamMgr , 어서트 발생당시  Draw Landmark 이벤트 with the following  콜 스택
[2021.12.01-09.22.02:852][852]LogScript: Warning: 런어웨이 루프가 (1,000,000 회에 걸쳐) 감지되었습니다. 로그에서 스택 추적 내역을 확인하세요.
	BP_SlamMgr_C /Game/Map/UEDPIE_0_Stage.Stage:PersistentLevel.BP_SlamMgr_174
	Function /Game/Blueprint/SLAM/BP_SlamMgr.BP_SlamMgr_C:ExecuteUbergraph_BP_SlamMgr:021C
[2021.12.01-09.22.02:852][852]PIE: Error: 무한 루프 발견된 곳:  BP_SlamMgr , 어서트 발생당시  Draw Landmark 이벤트 with the following  콜 스택
[2021.12.01-09.22.03:445][852]LogScript: Warning: 런어웨이 루프가 (1,000,000 회에 걸쳐) 감지되었습니다. 로그에서 스택 추적 내역을 확인하세요.
	BP_SlamMgr_C /Game/Map/UEDPIE_0_Stage.Stage:PersistentLevel.BP_SlamMgr_174
	Function /Game/Blueprint/SLAM/BP_SlamMgr.BP_SlamMgr_C:ExecuteUbergraph_BP_SlamMgr:021C
[2021.12.01-09.22.03:445][852]PIE: Error: 무한 루프 발견된 곳:  BP_SlamMgr , 어서트 발생당시  Draw Landmark 이벤트 with the following  콜 스택
[2021.12.01-09.22.04:030][852]LogScript: Warning: 런어웨이 루프가 (1,000,000 회에 걸쳐) 감지되었습니다. 로그에서 스택 추적 내역을 확인하세요.
	BP_SlamMgr_C /Game/Map/UEDPIE_0_Stage.Stage:PersistentLevel.BP_SlamMgr_174
	Function /Game/Blueprint/SLAM/BP_SlamMgr.BP_SlamMgr_C:ExecuteUbergraph_BP_SlamMgr:021C
[2021.12.01-09.22.04:030][852]PIE: Error: 무한 루프 발견된 곳:  BP_SlamMgr , 어서트 발생당시  Draw Landmark 이벤트 with the following  콜 스택
[2021.12.01-09.22.04:634][852]LogScript: Warning: 런어웨이 루프가 (1,000,000 회에 걸쳐) 감지되었습니다. 로그에서 스택 추적 내역을 확인하세요.
	BP_SlamMgr_C /Game/Map/UEDPIE_0_Stage.Stage:PersistentLevel.BP_SlamMgr_174
	Function /Game/Blueprint/SLAM/BP_SlamMgr.BP_SlamMgr_C:ExecuteUbergraph_BP_SlamMgr:021C
[2021.12.01-09.22.04:634][852]PIE: Error: 무한 루프 발견된 곳:  BP_SlamMgr , 어서트 발생당시  Draw Landmark 이벤트 with the following  콜 스택
[2021.12.01-09.22.05:210][852]LogScript: Warning: 런어웨이 루프가 (1,000,000 회에 걸쳐) 감지되었습니다. 로그에서 스택 추적 내역을 확인하세요.
	BP_SlamMgr_C /Game/Map/UEDPIE_0_Stage.Stage:PersistentLevel.BP_SlamMgr_174
	Function /Game/Blueprint/SLAM/BP_SlamMgr.BP_SlamMgr_C:ExecuteUbergraph_BP_SlamMgr:021C
[2021.12.01-09.22.05:210][852]PIE: Error: 무한 루프 발견된 곳:  BP_SlamMgr , 어서트 발생당시  Draw Landmark 이벤트 with the following  콜 스택
[2021.12.01-09.22.05:784][852]LogScript: Warning: 런어웨이 루프가 (1,000,000 회에 걸쳐) 감지되었습니다. 로그에서 스택 추적 내역을 확인하세요.
	BP_SlamMgr_C /Game/Map/UEDPIE_0_Stage.Stage:PersistentLevel.BP_SlamMgr_174
	Function /Game/Blueprint/SLAM/BP_SlamMgr.BP_SlamMgr_C:ExecuteUbergraph_BP_SlamMgr:021C
[2021.12.01-09.22.05:784][852]PIE: Error: 무한 루프 발견된 곳:  BP_SlamMgr , 어서트 발생당시  Draw Landmark 이벤트 with the following  콜 스택
[2021.12.01-09.22.06:380][852]LogScript: Warning: 런어웨이 루프가 (1,000,000 회에 걸쳐) 감지되었습니다. 로그에서 스택 추적 내역을 확인하세요.
	BP_SlamMgr_C /Game/Map/UEDPIE_0_Stage.Stage:PersistentLevel.BP_SlamMgr_174
	Function /Game/Blueprint/SLAM/BP_SlamMgr.BP_SlamMgr_C:ExecuteUbergraph_BP_SlamMgr:021C
[2021.12.01-09.22.06:380][852]PIE: Error: 무한 루프 발견된 곳:  BP_SlamMgr , 어서트 발생당시  Draw Landmark 이벤트 with the following  콜 스택
[2021.12.01-09.22.06:932][852]LogScript: Warning: 런어웨이 루프가 (1,000,000 회에 걸쳐) 감지되었습니다. 로그에서 스택 추적 내역을 확인하세요.
	BP_SlamMgr_C /Game/Map/UEDPIE_0_Stage.Stage:PersistentLevel.BP_SlamMgr_174
	Function /Game/Blueprint/SLAM/BP_SlamMgr.BP_SlamMgr_C:ExecuteUbergraph_BP_SlamMgr:021C
[2021.12.01-09.22.06:932][852]PIE: Error: 무한 루프 발견된 곳:  BP_SlamMgr , 어서트 발생당시  Draw Landmark 이벤트 with the following  콜 스택
[2021.12.01-09.22.07:479][852]LogScript: Warning: 런어웨이 루프가 (1,000,000 회에 걸쳐) 감지되었습니다. 로그에서 스택 추적 내역을 확인하세요.
	BP_SlamMgr_C /Game/Map/UEDPIE_0_Stage.Stage:PersistentLevel.BP_SlamMgr_174
	Function /Game/Blueprint/SLAM/BP_SlamMgr.BP_SlamMgr_C:ExecuteUbergraph_BP_SlamMgr:021C
[2021.12.01-09.22.07:480][852]PIE: Error: 무한 루프 발견된 곳:  BP_SlamMgr , 어서트 발생당시  Draw Landmark 이벤트 with the following  콜 스택
[2021.12.01-09.22.08:080][852]LogScript: Warning: 런어웨이 루프가 (1,000,000 회에 걸쳐) 감지되었습니다. 로그에서 스택 추적 내역을 확인하세요.
	BP_SlamMgr_C /Game/Map/UEDPIE_0_Stage.Stage:PersistentLevel.BP_SlamMgr_174
	Function /Game/Blueprint/SLAM/BP_SlamMgr.BP_SlamMgr_C:ExecuteUbergraph_BP_SlamMgr:021C
[2021.12.01-09.22.08:080][852]PIE: Error: 무한 루프 발견된 곳:  BP_SlamMgr , 어서트 발생당시  Draw Landmark 이벤트 with the following  콜 스택
[2021.12.01-09.22.08:737][852]LogScript: Warning: 런어웨이 루프가 (1,000,000 회에 걸쳐) 감지되었습니다. 로그에서 스택 추적 내역을 확인하세요.
	BP_SlamMgr_C /Game/Map/UEDPIE_0_Stage.Stage:PersistentLevel.BP_SlamMgr_174
	Function /Game/Blueprint/SLAM/BP_SlamMgr.BP_SlamMgr_C:ExecuteUbergraph_BP_SlamMgr:021C
[2021.12.01-09.22.08:737][852]PIE: Error: 무한 루프 발견된 곳:  BP_SlamMgr , 어서트 발생당시  Draw Landmark 이벤트 with the following  콜 스택
[2021.12.01-09.22.09:339][852]LogScript: Warning: 런어웨이 루프가 (1,000,000 회에 걸쳐) 감지되었습니다. 로그에서 스택 추적 내역을 확인하세요.
	BP_SlamMgr_C /Game/Map/UEDPIE_0_Stage.Stage:PersistentLevel.BP_SlamMgr_174
	Function /Game/Blueprint/SLAM/BP_SlamMgr.BP_SlamMgr_C:ExecuteUbergraph_BP_SlamMgr:021C
[2021.12.01-09.22.09:340][852]PIE: Error: 무한 루프 발견된 곳:  BP_SlamMgr , 어서트 발생당시  Draw Landmark 이벤트 with the following  콜 스택
[2021.12.01-09.22.09:899][852]LogScript: Warning: 런어웨이 루프가 (1,000,000 회에 걸쳐) 감지되었습니다. 로그에서 스택 추적 내역을 확인하세요.
	BP_SlamMgr_C /Game/Map/UEDPIE_0_Stage.Stage:PersistentLevel.BP_SlamMgr_174
	Function /Game/Blueprint/SLAM/BP_SlamMgr.BP_SlamMgr_C:ExecuteUbergraph_BP_SlamMgr:021C
[2021.12.01-09.22.09:899][852]PIE: Error: 무한 루프 발견된 곳:  BP_SlamMgr , 어서트 발생당시  Draw Landmark 이벤트 with the following  콜 스택
[2021.12.01-09.22.10:489][852]LogScript: Warning: 런어웨이 루프가 (1,000,000 회에 걸쳐) 감지되었습니다. 로그에서 스택 추적 내역을 확인하세요.
	BP_SlamMgr_C /Game/Map/UEDPIE_0_Stage.Stage:PersistentLevel.BP_SlamMgr_174
	Function /Game/Blueprint/SLAM/BP_SlamMgr.BP_SlamMgr_C:ExecuteUbergraph_BP_SlamMgr:021C
[2021.12.01-09.22.10:490][852]PIE: Error: 무한 루프 발견된 곳:  BP_SlamMgr , 어서트 발생당시  Draw Landmark 이벤트 with the following  콜 스택
[2021.12.01-09.22.11:125][852]LogScript: Warning: 런어웨이 루프가 (1,000,000 회에 걸쳐) 감지되었습니다. 로그에서 스택 추적 내역을 확인하세요.
	BP_SlamMgr_C /Game/Map/UEDPIE_0_Stage.Stage:PersistentLevel.BP_SlamMgr_174
	Function /Game/Blueprint/SLAM/BP_SlamMgr.BP_SlamMgr_C:ExecuteUbergraph_BP_SlamMgr:021C
[2021.12.01-09.22.11:125][852]PIE: Error: 무한 루프 발견된 곳:  BP_SlamMgr , 어서트 발생당시  Draw Landmark 이벤트 with the following  콜 스택
[2021.12.01-09.22.11:705][852]LogScript: Warning: 런어웨이 루프가 (1,000,000 회에 걸쳐) 감지되었습니다. 로그에서 스택 추적 내역을 확인하세요.
	BP_SlamMgr_C /Game/Map/UEDPIE_0_Stage.Stage:PersistentLevel.BP_SlamMgr_174
	Function /Game/Blueprint/SLAM/BP_SlamMgr.BP_SlamMgr_C:ExecuteUbergraph_BP_SlamMgr:021C
[2021.12.01-09.22.11:705][852]PIE: Error: 무한 루프 발견된 곳:  BP_SlamMgr , 어서트 발생당시  Draw Landmark 이벤트 with the following  콜 스택
[2021.12.01-09.22.12:347][852]LogScript: Warning: 런어웨이 루프가 (1,000,000 회에 걸쳐) 감지되었습니다. 로그에서 스택 추적 내역을 확인하세요.
	BP_SlamMgr_C /Game/Map/UEDPIE_0_Stage.Stage:PersistentLevel.BP_SlamMgr_174
	Function /Game/Blueprint/SLAM/BP_SlamMgr.BP_SlamMgr_C:ExecuteUbergraph_BP_SlamMgr:021C
[2021.12.01-09.22.12:348][852]PIE: Error: 무한 루프 발견된 곳:  BP_SlamMgr , 어서트 발생당시  Draw Landmark 이벤트 with the following  콜 스택
[2021.12.01-09.22.13:004][852]LogScript: Warning: 런어웨이 루프가 (1,000,000 회에 걸쳐) 감지되었습니다. 로그에서 스택 추적 내역을 확인하세요.
	BP_SlamMgr_C /Game/Map/UEDPIE_0_Stage.Stage:PersistentLevel.BP_SlamMgr_174
	Function /Game/Blueprint/SLAM/BP_SlamMgr.BP_SlamMgr_C:ExecuteUbergraph_BP_SlamMgr:021C
[2021.12.01-09.22.13:004][852]PIE: Error: 무한 루프 발견된 곳:  BP_SlamMgr , 어서트 발생당시  Draw Landmark 이벤트 with the following  콜 스택
[2021.12.01-09.22.13:526][852]LogScript: Warning: 런어웨이 루프가 (1,000,000 회에 걸쳐) 감지되었습니다. 로그에서 스택 추적 내역을 확인하세요.
	BP_SlamMgr_C /Game/Map/UEDPIE_0_Stage.Stage:PersistentLevel.BP_SlamMgr_174
	Function /Game/Blueprint/SLAM/BP_SlamMgr.BP_SlamMgr_C:ExecuteUbergraph_BP_SlamMgr:021C
[2021.12.01-09.22.13:527][852]PIE: Error: 무한 루프 발견된 곳:  BP_SlamMgr , 어서트 발생당시  Draw Landmark 이벤트 with the following  콜 스택
[2021.12.01-09.22.14:049][852]LogScript: Warning: 런어웨이 루프가 (1,000,000 회에 걸쳐) 감지되었습니다. 로그에서 스택 추적 내역을 확인하세요.
	BP_SlamMgr_C /Game/Map/UEDPIE_0_Stage.Stage:PersistentLevel.BP_SlamMgr_174
	Function /Game/Blueprint/SLAM/BP_SlamMgr.BP_SlamMgr_C:ExecuteUbergraph_BP_SlamMgr:021C
[2021.12.01-09.22.14:049][852]PIE: Error: 무한 루프 발견된 곳:  BP_SlamMgr , 어서트 발생당시  Draw Landmark 이벤트 with the following  콜 스택
[2021.12.01-09.22.14:624][852]LogScript: Warning: 런어웨이 루프가 (1,000,000 회에 걸쳐) 감지되었습니다. 로그에서 스택 추적 내역을 확인하세요.
	BP_SlamMgr_C /Game/Map/UEDPIE_0_Stage.Stage:PersistentLevel.BP_SlamMgr_174
	Function /Game/Blueprint/SLAM/BP_SlamMgr.BP_SlamMgr_C:ExecuteUbergraph_BP_SlamMgr:021C
[2021.12.01-09.22.14:624][852]PIE: Error: 무한 루프 발견된 곳:  BP_SlamMgr , 어서트 발생당시  Draw Landmark 이벤트 with the following  콜 스택
[2021.12.01-09.22.15:158][852]LogScript: Warning: 런어웨이 루프가 (1,000,000 회에 걸쳐) 감지되었습니다. 로그에서 스택 추적 내역을 확인하세요.
	BP_SlamMgr_C /Game/Map/UEDPIE_0_Stage.Stage:PersistentLevel.BP_SlamMgr_174
	Function /Game/Blueprint/SLAM/BP_SlamMgr.BP_SlamMgr_C:ExecuteUbergraph_BP_SlamMgr:021C
[2021.12.01-09.22.15:158][852]PIE: Error: 무한 루프 발견된 곳:  BP_SlamMgr , 어서트 발생당시  Draw Landmark 이벤트 with the following  콜 스택
[2021.12.01-09.22.15:710][852]LogScript: Warning: 런어웨이 루프가 (1,000,000 회에 걸쳐) 감지되었습니다. 로그에서 스택 추적 내역을 확인하세요.
	BP_SlamMgr_C /Game/Map/UEDPIE_0_Stage.Stage:PersistentLevel.BP_SlamMgr_174
	Function /Game/Blueprint/SLAM/BP_SlamMgr.BP_SlamMgr_C:ExecuteUbergraph_BP_SlamMgr:021C
[2021.12.01-09.22.15:710][852]PIE: Error: 무한 루프 발견된 곳:  BP_SlamMgr , 어서트 발생당시  Draw Landmark 이벤트 with the following  콜 스택
[2021.12.01-09.39.11:485][852]LetsGo: Warning: 0.300000 365.199756
[2021.12.01-09.39.11:486][852]LetsGo: Warning: inlierCnt : 0, stableScore : 0.000000, beststatescore : 0.000000, bestStateIdx : 0, iter : 31
[2021.12.01-09.39.11:486][852]LetsGo: Warning: 0.300000 550.163013
[2021.12.01-09.39.11:486][852]LetsGo: Warning: inlierCnt : 206, stableScore : 12.774823, beststatescore : 2631.613454, bestStateIdx : 1, iter : 31
[2021.12.01-09.39.11:486][852]LetsGo: Warning: 0.300000 365.199719
[2021.12.01-09.39.11:486][852]LetsGo: Warning: inlierCnt : 110, stableScore : 9.002460, beststatescore : 990.270646, bestStateIdx : 8, iter : 32
[2021.12.01-09.39.11:486][852]LetsGo: Warning: 0.300000 544.661426
[2021.12.01-09.39.11:486][852]LetsGo: Warning: inlierCnt : 0, stableScore : 0.000000, beststatescore : 0.000000, bestStateIdx : 0, iter : 31
[2021.12.01-09.39.11:486][852]LetsGo: Warning: 0.300000 251.981781
[2021.12.01-09.39.11:486][852]LetsGo: Warning: inlierCnt : 93, stableScore : 9.690130, beststatescore : 901.182107, bestStateIdx : 1, iter : 31
[2021.12.01-09.39.11:487][852]LetsGo: Warning: 0.300000 249.461975
[2021.12.01-09.39.11:487][852]LetsGo: Warning: inlierCnt : 11, stableScore : 11.477175, beststatescore : 126.248926, bestStateIdx : 3, iter : 31
[2021.12.01-09.39.11:487][852]LetsGo: Warning: curBoxScore : 4649.315132 / bestBoxScore : 0.000000
[2021.12.01-09.39.11:487][852]LetsGo: Warning: --------------------------------------
[2021.12.01-09.39.11:504][852]LetsGo: Warning: Best Box Datafile is saved.
[2021.12.01-09.39.11:504][852]LetsGo: Warning: Character On.
[2021.12.01-09.39.11:505][852]PIE: /Game/Map/UEDPIE_0_Stage 에 대한 에디터에서 플레이 시작 시간: 1,103.131
[2021.12.01-09.39.11:505][852]LogBlueprintUserMessages: Late PlayInEditor Detection: Level '/Game/Map/Stage.Stage:PersistentLevel' has LevelScriptBlueprint '/Game/Map/Stage.Stage:PersistentLevel.Stage' with GeneratedClass '/Game/Map/Stage.Stage_C' with ClassGeneratedBy '/Game/Map/Stage.Stage:PersistentLevel.Stage'
[2021.12.01-09.39.11:643][852]LogBlueprintUserMessages: Early EndPlayMap Detection: Level '/Game/Map/Stage.Stage:PersistentLevel' has LevelScriptBlueprint '/Game/Map/Stage.Stage:PersistentLevel.Stage' with GeneratedClass '/Game/Map/Stage.Stage_C' with ClassGeneratedBy '/Game/Map/Stage.Stage:PersistentLevel.Stage'
[2021.12.01-09.39.12:363][852]LetsGo: Warning: regions_dist: 228  /  tolerance: 57.000000
[2021.12.01-09.39.18:470][852]LogBlueprintUserMessages: Late EndPlayMap Detection: Level '/Game/Map/Stage.Stage:PersistentLevel' has LevelScriptBlueprint '/Game/Map/Stage.Stage:PersistentLevel.Stage' with GeneratedClass '/Game/Map/Stage.Stage_C' with ClassGeneratedBy '/Game/Map/Stage.Stage:PersistentLevel.Stage'
[2021.12.01-09.52.03:950][149]LogEditorViewport: Clicking on Actor (LMB): BP_CubemapMgr_C (BP_CubemapMgr)
[2021.12.01-09.52.45:614][659]LogSlate: FSceneViewport::OnFocusLost() reason 0
[2021.12.01-12.35.02:692][997]LogAudio: Warning: Current Audio Device with ID {0.0.0.00000000}.{e9e2e170-2553-41d5-9294-ea8bd2efb136} was removed. Shutting down audio device.
[2021.12.01-12.35.02:692][997]LogInit: XAudio2 using 'Digital Audio (S/PDIF)(High Definition Audio Device)' : 2 channels at 48 kHz using 16 bits per sample (channel mask 0x3)
[2021.12.01-12.44.25:947][685]LogInit: XAudio2 using 'S27D850(NVIDIA High Definition Audio)' : 2 channels at 48 kHz using 16 bits per sample (channel mask 0x3)
[2021.12.01-12.44.27:348][686]LogAudio: Warning: Current Audio Device with ID {0.0.0.00000000}.{e9e2e170-2553-41d5-9294-ea8bd2efb136} was removed. Shutting down audio device.
[2021.12.01-12.44.27:348][686]LogInit: XAudio2 using 'Digital Audio (S/PDIF)(High Definition Audio Device)' : 2 channels at 48 kHz using 16 bits per sample (channel mask 0x3)
[2021.12.01-12.44.27:681][687]LogInit: XAudio2 using 'Digital Audio (S/PDIF)(High Definition Audio Device)' : 2 channels at 48 kHz using 16 bits per sample (channel mask 0x3)
[2021.12.01-12.44.29:143][691]LogInit: XAudio2 using 'S27D850(NVIDIA High Definition Audio)' : 2 channels at 48 kHz using 16 bits per sample (channel mask 0x3)
[2021.12.01-13.54.10:898][214]LogAudio: Warning: Current Audio Device with ID {0.0.0.00000000}.{e9e2e170-2553-41d5-9294-ea8bd2efb136} was removed. Shutting down audio device.
[2021.12.01-13.54.10:898][214]LogInit: XAudio2 using 'Digital Audio (S/PDIF)(High Definition Audio Device)' : 2 channels at 48 kHz using 16 bits per sample (channel mask 0x3)
[2021.12.02-05.04.50:154][129]LogInit: XAudio2 using 'S27D850(NVIDIA High Definition Audio)' : 2 channels at 48 kHz using 16 bits per sample (channel mask 0x3)
[2021.12.02-05.04.51:226][130]LogAudio: Warning: Current Audio Device with ID {0.0.0.00000000}.{e9e2e170-2553-41d5-9294-ea8bd2efb136} was removed. Shutting down audio device.
[2021.12.02-05.04.51:226][130]LogInit: XAudio2 using 'Digital Audio (S/PDIF)(High Definition Audio Device)' : 2 channels at 48 kHz using 16 bits per sample (channel mask 0x3)
[2021.12.02-05.04.51:517][131]LogInit: XAudio2 using 'Digital Audio (S/PDIF)(High Definition Audio Device)' : 2 channels at 48 kHz using 16 bits per sample (channel mask 0x3)
[2021.12.02-05.04.52:665][134]LogInit: XAudio2 using 'S27D850(NVIDIA High Definition Audio)' : 2 channels at 48 kHz using 16 bits per sample (channel mask 0x3)
[2021.12.02-05.11.00:985][ 36]LogTemp: Repeating last play command: 선택된 뷰포트
[2021.12.02-05.11.01:024][ 36]LogBlueprintUserMessages: Early PlayInEditor Detection: Level '/Game/Map/Stage.Stage:PersistentLevel' has LevelScriptBlueprint '/Game/Map/Stage.Stage:PersistentLevel.Stage' with GeneratedClass '/Game/Map/Stage.Stage_C' with ClassGeneratedBy '/Game/Map/Stage.Stage:PersistentLevel.Stage'
[2021.12.02-05.11.01:025][ 36]LogPlayLevel: PlayLevel: No blueprints needed recompiling
[2021.12.02-05.11.01:026][ 36]PIE: New page: PIE 세션: Stage (2021. 12. 2. 오후 11:11:01)
[2021.12.02-05.11.01:026][ 36]LogPlayLevel: Creating play world package: /Game/Map/UEDPIE_0_Stage
[2021.12.02-05.11.01:125][ 36]LogPlayLevel: PIE: StaticDuplicateObject took: (0.098356s)
[2021.12.02-05.11.01:127][ 36]LogAIModule: Creating AISystem for world Stage
[2021.12.02-05.11.01:128][ 36]LogPlayLevel: PIE: World Init took: (0.002679s)
[2021.12.02-05.11.01:128][ 36]LogPlayLevel: PIE: Created PIE world by copying editor world from /Game/Map/Stage.Stage to /Game/Map/UEDPIE_0_Stage.Stage (0.101628s)
[2021.12.02-05.11.01:419][ 36]LogInit: XAudio2 using 'S27D850(NVIDIA High Definition Audio)' : 2 channels at 48 kHz using 16 bits per sample (channel mask 0x3)
[2021.12.02-05.11.01:471][ 36]LogInit: FAudioDevice initialized.
[2021.12.02-05.11.01:506][ 36]LogLoad: Game class is 'BP_GameMode_C'
[2021.12.02-05.11.01:508][ 36]LogWorld: Bringing World /Game/Map/UEDPIE_0_Stage.Stage up for play (max tick rate 0) at 2021.12.02-14.11.01
[2021.12.02-05.11.01:509][ 36]LogWorld: Bringing up level for play took: 0.001408
[2021.12.02-05.11.01:660][ 36]LetsGo: Warning: KDTreeOutlierFiltering:: Classified 2022 points as outliers.
[2021.12.02-05.11.02:328][ 36]LetsGo: Warning: 0.300000 380.693994
[2021.12.02-05.11.02:328][ 36]LetsGo: Warning: inlierCnt : 87, stableScore : 18.842221, beststatescore : 1639.273205, bestStateIdx : 2, iter : 31
[2021.12.02-05.11.02:328][ 36]LetsGo: Warning: 0.300000 565.608069
[2021.12.02-05.11.02:328][ 36]LetsGo: Warning: inlierCnt : 129, stableScore : 33.893356, beststatescore : 4372.242957, bestStateIdx : 4, iter : 31
[2021.12.02-05.11.02:328][ 36]LetsGo: Warning: 0.300000 373.080103
[2021.12.02-05.11.02:328][ 36]LetsGo: Warning: inlierCnt : 107, stableScore : 23.155714, beststatescore : 2477.661352, bestStateIdx : 1, iter : 31
[2021.12.02-05.11.02:329][ 36]LetsGo: Warning: 0.300000 542.983740
[2021.12.02-05.11.02:329][ 36]LetsGo: Warning: inlierCnt : 40, stableScore : 30.960027, beststatescore : 1238.401074, bestStateIdx : 3, iter : 31
[2021.12.02-05.11.02:329][ 36]LetsGo: Warning: 0.300000 260.399872
[2021.12.02-05.11.02:329][ 36]LetsGo: Warning: inlierCnt : 52, stableScore : 22.203185, beststatescore : 1154.565634, bestStateIdx : 4, iter : 31
[2021.12.02-05.11.02:329][ 36]LetsGo: Warning: 0.300000 249.983881
[2021.12.02-05.11.02:329][ 36]LetsGo: Warning: inlierCnt : 51, stableScore : 16.911698, beststatescore : 862.496579, bestStateIdx : 1, iter : 31
[2021.12.02-05.11.02:329][ 36]LetsGo: Warning: curBoxScore : 11744.640803 / bestBoxScore : 0.000000
[2021.12.02-05.11.02:329][ 36]LetsGo: Warning: --------------------------------------
[2021.12.02-05.11.02:333][ 36]LetsGo: Warning: Best Box Datafile is saved.
[2021.12.02-05.11.02:333][ 36]LetsGo: Warning: Character On.
[2021.12.02-05.11.02:334][ 36]PIE: /Game/Map/UEDPIE_0_Stage 에 대한 에디터에서 플레이 시작 시간: 1.96
[2021.12.02-05.11.02:334][ 36]LogBlueprintUserMessages: Late PlayInEditor Detection: Level '/Game/Map/Stage.Stage:PersistentLevel' has LevelScriptBlueprint '/Game/Map/Stage.Stage:PersistentLevel.Stage' with GeneratedClass '/Game/Map/Stage.Stage_C' with ClassGeneratedBy '/Game/Map/Stage.Stage:PersistentLevel.Stage'
[2021.12.02-05.11.02:370][ 37]LetsGo: Warning: regions_dist: 229  /  tolerance: 57.250000
[2021.12.02-05.11.02:372][ 37]LogStats: Warning: MetaData mismatch. Did you assign a stat to two groups? New //STATGROUP_Threads//Segmented Volume Thread///Thread_8458_0///####STATCAT_Advanced#### old //STATGROUP_Threads//Segmented Volume Thread///Thread_a7e8_0///####STATCAT_Advanced####
[2021.12.02-05.11.02:959][ 38]LetsGo: Warning: Segmented Box Datafile is saved.
[2021.12.02-05.11.22:271][192]LogBlueprintUserMessages: Early EndPlayMap Detection: Level '/Game/Map/Stage.Stage:PersistentLevel' has LevelScriptBlueprint '/Game/Map/Stage.Stage:PersistentLevel.Stage' with GeneratedClass '/Game/Map/Stage.Stage_C' with ClassGeneratedBy '/Game/Map/Stage.Stage:PersistentLevel.Stage'
[2021.12.02-05.11.22:311][192]LogBlueprintUserMessages: Late EndPlayMap Detection: Level '/Game/Map/Stage.Stage:PersistentLevel' has LevelScriptBlueprint '/Game/Map/Stage.Stage:PersistentLevel.Stage' with GeneratedClass '/Game/Map/Stage.Stage_C' with ClassGeneratedBy '/Game/Map/Stage.Stage:PersistentLevel.Stage'
[2021.12.02-05.11.38:144][400]LogSlate: FSceneViewport::OnFocusLost() reason 0
[2021.12.02-05.11.38:193][406]LogTemp: Repeating last play command: 선택된 뷰포트
[2021.12.02-05.11.38:222][406]LogBlueprintUserMessages: Early PlayInEditor Detection: Level '/Game/Map/Stage.Stage:PersistentLevel' has LevelScriptBlueprint '/Game/Map/Stage.Stage:PersistentLevel.Stage' with GeneratedClass '/Game/Map/Stage.Stage_C' with ClassGeneratedBy '/Game/Map/Stage.Stage:PersistentLevel.Stage'
[2021.12.02-05.11.38:223][406]LogPlayLevel: PlayLevel: No blueprints needed recompiling
[2021.12.02-05.11.38:223][406]PIE: New page: PIE 세션: Stage (2021. 12. 2. 오후 11:11:38)
[2021.12.02-05.11.38:223][406]LogPlayLevel: Creating play world package: /Game/Map/UEDPIE_0_Stage
[2021.12.02-05.11.38:281][406]LogPlayLevel: PIE: StaticDuplicateObject took: (0.058037s)
[2021.12.02-05.11.38:282][406]LogAIModule: Creating AISystem for world Stage
[2021.12.02-05.11.38:282][406]LogPlayLevel: PIE: World Init took: (0.000749s)
[2021.12.02-05.11.38:282][406]LogPlayLevel: PIE: Created PIE world by copying editor world from /Game/Map/Stage.Stage to /Game/Map/UEDPIE_0_Stage.Stage (0.058958s)
[2021.12.02-05.11.38:525][406]LogInit: XAudio2 using 'S27D850(NVIDIA High Definition Audio)' : 2 channels at 48 kHz using 16 bits per sample (channel mask 0x3)
[2021.12.02-05.11.38:574][406]LogInit: FAudioDevice initialized.
[2021.12.02-05.11.38:611][406]LogLoad: Game class is 'BP_GameMode_C'
[2021.12.02-05.11.38:612][406]LogWorld: Bringing World /Game/Map/UEDPIE_0_Stage.Stage up for play (max tick rate 0) at 2021.12.02-14.11.38
[2021.12.02-05.11.38:613][406]LogWorld: Bringing up level for play took: 0.000697
[2021.12.02-05.11.38:779][406]LetsGo: Warning: KDTreeOutlierFiltering:: Classified 2625 points as outliers.
[2021.12.02-05.11.39:465][406]LetsGo: Warning: 0.300000 451.517542
[2021.12.02-05.11.39:465][406]LetsGo: Warning: inlierCnt : 18, stableScore : 27.430115, beststatescore : 493.742075, bestStateIdx : 9, iter : 31
[2021.12.02-05.11.39:465][406]LetsGo: Warning: 0.300000 619.346265
[2021.12.02-05.11.39:465][406]LetsGo: Warning: inlierCnt : 35, stableScore : 34.214346, beststatescore : 1197.502103, bestStateIdx : 7, iter : 31
[2021.12.02-05.11.39:466][406]LetsGo: Warning: 0.300000 410.880981
[2021.12.02-05.11.39:466][406]LetsGo: Warning: inlierCnt : 25, stableScore : 30.956809, beststatescore : 773.920216, bestStateIdx : 11, iter : 31
[2021.12.02-05.11.39:466][406]LetsGo: Warning: 0.300000 575.992017
[2021.12.02-05.11.39:466][406]LetsGo: Warning: inlierCnt : 14, stableScore : 34.245968, beststatescore : 479.443553, bestStateIdx : 9, iter : 31
[2021.12.02-05.11.39:466][406]LetsGo: Warning: 0.300000 322.923267
[2021.12.02-05.11.39:466][406]LetsGo: Warning: inlierCnt : 30, stableScore : 32.422856, beststatescore : 972.685694, bestStateIdx : 10, iter : 31
[2021.12.02-05.11.39:466][406]LetsGo: Warning: 0.300000 290.630969
[2021.12.02-05.11.39:466][406]LetsGo: Warning: inlierCnt : 11, stableScore : 30.549450, beststatescore : 336.043947, bestStateIdx : 8, iter : 31
[2021.12.02-05.11.39:466][406]LetsGo: Warning: curBoxScore : 4253.337589 / bestBoxScore : 0.000000
[2021.12.02-05.11.39:466][406]LetsGo: Warning: --------------------------------------
[2021.12.02-05.11.39:469][406]LetsGo: Warning: Best Box Datafile is saved.
[2021.12.02-05.11.39:469][406]LetsGo: Warning: Character On.
[2021.12.02-05.11.39:469][406]PIE: /Game/Map/UEDPIE_0_Stage 에 대한 에디터에서 플레이 시작 시간: 1.096
[2021.12.02-05.11.39:469][406]LogBlueprintUserMessages: Late PlayInEditor Detection: Level '/Game/Map/Stage.Stage:PersistentLevel' has LevelScriptBlueprint '/Game/Map/Stage.Stage:PersistentLevel.Stage' with GeneratedClass '/Game/Map/Stage.Stage_C' with ClassGeneratedBy '/Game/Map/Stage.Stage:PersistentLevel.Stage'
[2021.12.02-05.11.39:523][407]LogStats: Warning: MetaData mismatch. Did you assign a stat to two groups? New //STATGROUP_Threads//Segmented Volume Thread///Thread_9f3c_0///####STATCAT_Advanced#### old //STATGROUP_Threads//Segmented Volume Thread///Thread_a7e8_0///####STATCAT_Advanced####
[2021.12.02-05.11.39:540][409]LetsGo: Warning: regions_dist: 230  /  tolerance: 57.500000
[2021.12.02-05.11.39:705][419]LetsGo: Warning: Segmented Box Datafile is saved.
[2021.12.02-05.11.46:355][695]LogBlueprintUserMessages: Early EndPlayMap Detection: Level '/Game/Map/Stage.Stage:PersistentLevel' has LevelScriptBlueprint '/Game/Map/Stage.Stage:PersistentLevel.Stage' with GeneratedClass '/Game/Map/Stage.Stage_C' with ClassGeneratedBy '/Game/Map/Stage.Stage:PersistentLevel.Stage'
[2021.12.02-05.11.46:430][695]LogBlueprintUserMessages: Late EndPlayMap Detection: Level '/Game/Map/Stage.Stage:PersistentLevel' has LevelScriptBlueprint '/Game/Map/Stage.Stage:PersistentLevel.Stage' with GeneratedClass '/Game/Map/Stage.Stage_C' with ClassGeneratedBy '/Game/Map/Stage.Stage:PersistentLevel.Stage'
[2021.12.02-05.12.13:319][ 86]LogSlate: FSceneViewport::OnFocusLost() reason 0
[2021.12.02-05.12.13:411][ 97]LogTemp: Repeating last play command: 선택된 뷰포트
[2021.12.02-05.12.13:432][ 97]LogBlueprintUserMessages: Early PlayInEditor Detection: Level '/Game/Map/Stage.Stage:PersistentLevel' has LevelScriptBlueprint '/Game/Map/Stage.Stage:PersistentLevel.Stage' with GeneratedClass '/Game/Map/Stage.Stage_C' with ClassGeneratedBy '/Game/Map/Stage.Stage:PersistentLevel.Stage'
[2021.12.02-05.12.13:433][ 97]LogPlayLevel: PlayLevel: No blueprints needed recompiling
[2021.12.02-05.12.13:433][ 97]PIE: New page: PIE 세션: Stage (2021. 12. 2. 오후 11:12:13)
[2021.12.02-05.12.13:433][ 97]LogPlayLevel: Creating play world package: /Game/Map/UEDPIE_0_Stage
[2021.12.02-05.12.19:998][ 97]LogPlayLevel: PIE: StaticDuplicateObject took: (6.565614s)
[2021.12.02-05.12.19:999][ 97]LogAIModule: Creating AISystem for world Stage
[2021.12.02-05.12.19:999][ 97]LogPlayLevel: PIE: World Init took: (0.000718s)
[2021.12.02-05.12.19:999][ 97]LogPlayLevel: PIE: Created PIE world by copying editor world from /Game/Map/Stage.Stage to /Game/Map/UEDPIE_0_Stage.Stage (6.566516s)
[2021.12.02-05.12.20:255][ 97]LogInit: XAudio2 using 'S27D850(NVIDIA High Definition Audio)' : 2 channels at 48 kHz using 16 bits per sample (channel mask 0x3)
[2021.12.02-05.12.20:301][ 97]LogInit: FAudioDevice initialized.
[2021.12.02-05.12.20:337][ 97]LogLoad: Game class is 'BP_GameMode_C'
[2021.12.02-05.12.20:338][ 97]LogWorld: Bringing World /Game/Map/UEDPIE_0_Stage.Stage up for play (max tick rate 0) at 2021.12.02-14.12.20
[2021.12.02-05.12.20:339][ 97]LogWorld: Bringing up level for play took: 0.001108
